2018-09-29 16:22:58 [com.coconason.dtf.manager.utils.LockAndCondition:90] ERROR - send APPROVESUBMIT_STRONG message fail
groupId:4956315351735336961538209368259
action:APPROVESUBMIT_STRONG
2018-09-29 16:22:59 [com.coconason.dtf.manager.utils.LockAndCondition:90] ERROR - send APPROVESUBMIT_STRONG message fail
groupId:4956315351735336961538209367398
action:APPROVESUBMIT_STRONG
2018-09-29 16:22:59 [com.coconason.dtf.manager.utils.LockAndCondition:90] ERROR - send APPROVESUBMIT_STRONG message fail
groupId:4956315351735336961538209367233
action:APPROVESUBMIT_STRONG
2018-09-29 16:22:59 [com.coconason.dtf.manager.utils.LockAndCondition:90] ERROR - send APPROVESUBMIT_STRONG message fail
groupId:4956315351735336961
action:APPROVESUBMIT_STRONG
2018-09-29 16:23:59 [com.coconason.dtf.manager.utils.LockAndCondition:81] ERROR - send WHOLE_SUCCESS_STRONG message fail
groupId:495631535173533696
action:WHOLE_SUCCESS_STRONG
2018-09-29 16:23:59 [com.coconason.dtf.manager.utils.LockAndCondition:81] ERROR - send WHOLE_FAIL_STRONG message fail
groupId:495631535173533696
action:WHOLE_FAIL_STRONG
2018-09-30 17:55:51 [com.coconason.dtf.manager.protobufserver.ServerTransactionHandler:139] ERROR - { groupId=496017305738674176groupMemberId='1538301341271', ctx=ChannelHandlerContext(ServerTransactionHandler#0, [id: 0x500dc0e1, L:/127.0.0.1:18080 - R:/127.0.0.1:64961]), method='{"parameterAnnotations":[[]],"annotatedReturnType":{"declaredAnnotations":[],"annotations":[],"type":"com.coconason.dtf.manager.model.DemoResult"},"genericExceptionTypes":["java.lang.Exception"],"annotatedReceiverType":{"declaredAnnotations":[],"annotations":[],"type":"com.coconason.dtf.manager.service.impl.TeacherServiceImpl"},"declaringClass":"com.coconason.dtf.manager.service.impl.TeacherServiceImpl","typeParameters":[],"annotatedExceptionTypes":[{"declaredAnnotations":[],"annotations":[],"type":"java.lang.Exception"}],"synthetic":false,"annotatedParameterTypes":[{"declaredAnnotations":[],"annotations":[],"type":"com.coconason.dtf.manager.po.Teacher"}],"returnType":"com.coconason.dtf.manager.model.DemoResult","genericReturnType":"com.coconason.dtf.manager.model.DemoResult","exceptionTypes":["java.lang.Exception"],"default":false,"parameterCount":1,"name":"addTeacherInfo","varArgs":false,"accessible":false,"genericParameterTypes":["com.coconason.dtf.manager.po.Teacher"],"annotations":[{"type":"SYNC_FINAL"},{"rollbackFor":[],"noRollbackFor":[],"readOnly":false,"noRollbackForClassName":[],"isolation":"DEFAULT","rollbackForClassName":[],"value":"","propagation":"REQUIRED","transactionManager":"","timeout":-1}],"bridge":false,"modifiers":1,"parameterTypes":["com.coconason.dtf.manager.po.Teacher"]}', args='[{"t":1,"tname":"Lin"}]', commited=false}
2018-09-30 17:56:11 [com.coconason.dtf.manager.protobufserver.ServerTransactionHandler:139] ERROR - { groupId=496011015624851456groupMemberId='1538301341305', ctx=ChannelHandlerContext(ServerTransactionHandler#0, [id: 0x1942b181, L:/127.0.0.1:18080 - R:/127.0.0.1:64960]), method='{"parameterAnnotations":[[]],"annotatedReturnType":{"declaredAnnotations":[],"annotations":[],"type":"com.coconason.dtf.demo3.springdemo3.model.DemoResult"},"genericExceptionTypes":["java.lang.Exception"],"annotatedReceiverType":{"declaredAnnotations":[],"annotations":[],"type":"com.coconason.dtf.demo3.springdemo3.service.impl.SCServiceImpl"},"declaringClass":"com.coconason.dtf.demo3.springdemo3.service.impl.SCServiceImpl","typeParameters":[],"annotatedExceptionTypes":[{"declaredAnnotations":[],"annotations":[],"type":"java.lang.Exception"}],"synthetic":false,"annotatedParameterTypes":[{"declaredAnnotations":[],"annotations":[],"type":"com.coconason.dtf.demo3.springdemo3.po.Sc"}],"returnType":"com.coconason.dtf.demo3.springdemo3.model.DemoResult","genericReturnType":"com.coconason.dtf.demo3.springdemo3.model.DemoResult","exceptionTypes":["java.lang.Exception"],"default":false,"parameterCount":1,"name":"addSCInfo","varArgs":false,"accessible":false,"genericParameterTypes":["com.coconason.dtf.demo3.springdemo3.po.Sc"],"annotations":[{"type":"SYNC_FINAL"},{"rollbackFor":[],"noRollbackFor":[],"readOnly":false,"noRollbackForClassName":[],"isolation":"DEFAULT","rollbackForClassName":[],"value":"","propagation":"REQUIRED","transactionManager":"","timeout":-1}],"bridge":false,"modifiers":1,"parameterTypes":["com.coconason.dtf.demo3.springdemo3.po.Sc"]}', args='[{"s":7,"c":5,"score":95}]', commited=falsegroupMemberId='1538299841585', ctx=ChannelHandlerContext(ServerTransactionHandler#0, [id: 0x500dc0e1, L:/127.0.0.1:18080 - R:/127.0.0.1:64961]), method='{"parameterAnnotations":[[]],"annotatedReturnType":{"declaredAnnotations":[],"annotations":[],"type":"com.coconason.dtf.manager.model.DemoResult"},"genericExceptionTypes":["java.lang.Exception"],"annotatedReceiverType":{"declaredAnnotations":[],"annotations":[],"type":"com.coconason.dtf.manager.service.impl.TeacherServiceImpl"},"declaringClass":"com.coconason.dtf.manager.service.impl.TeacherServiceImpl","typeParameters":[],"annotatedExceptionTypes":[{"declaredAnnotations":[],"annotations":[],"type":"java.lang.Exception"}],"synthetic":false,"annotatedParameterTypes":[{"declaredAnnotations":[],"annotations":[],"type":"com.coconason.dtf.manager.po.Teacher"}],"returnType":"com.coconason.dtf.manager.model.DemoResult","genericReturnType":"com.coconason.dtf.manager.model.DemoResult","exceptionTypes":["java.lang.Exception"],"default":false,"parameterCount":1,"name":"addTeacherInfo","varArgs":false,"accessible":false,"genericParameterTypes":["com.coconason.dtf.manager.po.Teacher"],"annotations":[{"type":"SYNC_FINAL"},{"rollbackFor":[],"noRollbackFor":[],"readOnly":false,"noRollbackForClassName":[],"isolation":"DEFAULT","rollbackForClassName":[],"value":"","propagation":"REQUIRED","transactionManager":"","timeout":-1}],"bridge":false,"modifiers":1,"parameterTypes":["com.coconason.dtf.manager.po.Teacher"]}', args='[{"t":1,"tname":"Lin"}]', commited=false}
2018-09-30 17:56:11 [com.coconason.dtf.manager.protobufserver.ServerTransactionHandler:139] ERROR - { groupId=496017305738674176groupMemberId='1538301341271', ctx=ChannelHandlerContext(ServerTransactionHandler#0, [id: 0x500dc0e1, L:/127.0.0.1:18080 - R:/127.0.0.1:64961]), method='{"parameterAnnotations":[[]],"annotatedReturnType":{"declaredAnnotations":[],"annotations":[],"type":"com.coconason.dtf.manager.model.DemoResult"},"genericExceptionTypes":["java.lang.Exception"],"annotatedReceiverType":{"declaredAnnotations":[],"annotations":[],"type":"com.coconason.dtf.manager.service.impl.TeacherServiceImpl"},"declaringClass":"com.coconason.dtf.manager.service.impl.TeacherServiceImpl","typeParameters":[],"annotatedExceptionTypes":[{"declaredAnnotations":[],"annotations":[],"type":"java.lang.Exception"}],"synthetic":false,"annotatedParameterTypes":[{"declaredAnnotations":[],"annotations":[],"type":"com.coconason.dtf.manager.po.Teacher"}],"returnType":"com.coconason.dtf.manager.model.DemoResult","genericReturnType":"com.coconason.dtf.manager.model.DemoResult","exceptionTypes":["java.lang.Exception"],"default":false,"parameterCount":1,"name":"addTeacherInfo","varArgs":false,"accessible":false,"genericParameterTypes":["com.coconason.dtf.manager.po.Teacher"],"annotations":[{"type":"SYNC_FINAL"},{"rollbackFor":[],"noRollbackFor":[],"readOnly":false,"noRollbackForClassName":[],"isolation":"DEFAULT","rollbackForClassName":[],"value":"","propagation":"REQUIRED","transactionManager":"","timeout":-1}],"bridge":false,"modifiers":1,"parameterTypes":["com.coconason.dtf.manager.po.Teacher"]}', args='[{"t":1,"tname":"Lin"}]', commited=falsegroupMemberId='1', ctx=ChannelHandlerContext(ServerTransactionHandler#0, [id: 0x24436cf2, L:/127.0.0.1:18080 - R:/127.0.0.1:64959]), method='{"parameterAnnotations":[[]],"annotatedReturnType":{"declaredAnnotations":[],"annotations":[],"type":"com.coconason.dtf.demo.model.DemoResult"},"genericExceptionTypes":["java.lang.Exception"],"annotatedReceiverType":{"declaredAnnotations":[],"annotations":[],"type":"com.coconason.dtf.demo.service.impl.CourseServiceImpl"},"declaringClass":"com.coconason.dtf.demo.service.impl.CourseServiceImpl","typeParameters":[],"annotatedExceptionTypes":[{"declaredAnnotations":[],"annotations":[],"type":"java.lang.Exception"}],"synthetic":false,"annotatedParameterTypes":[{"declaredAnnotations":[],"annotations":[],"type":"com.coconason.dtf.demo.po.Course"}],"returnType":"com.coconason.dtf.demo.model.DemoResult","genericReturnType":"com.coconason.dtf.demo.model.DemoResult","exceptionTypes":["java.lang.Exception"],"default":false,"parameterCount":1,"name":"addCourseInfo","varArgs":false,"accessible":false,"genericParameterTypes":["com.coconason.dtf.demo.po.Course"],"annotations":[{"type":"SYNC_FINAL"},{"rollbackFor":[],"noRollbackFor":[],"readOnly":false,"noRollbackForClassName":[],"isolation":"DEFAULT","rollbackForClassName":[],"value":"","propagation":"REQUIRED","transactionManager":"","timeout":-1}],"bridge":false,"modifiers":1,"parameterTypes":["com.coconason.dtf.demo.po.Course"]}', args='[{"t":5,"c":5,"cname":"Science"}]', commited=false}
2018-09-30 17:59:51 [com.coconason.dtf.manager.protobufserver.ServerTransactionHandler:139] ERROR - SUB FAIL :{ groupId=496018310232539136groupMemberId='1538301581643', ctx=ChannelHandlerContext(ServerTransactionHandler#0, [id: 0xc66afc0a, L:/127.0.0.1:18080 - R:/127.0.0.1:65200]), method='{"parameterAnnotations":[[]],"annotatedReturnType":{"declaredAnnotations":[],"annotations":[],"type":"com.coconason.dtf.manager.model.DemoResult"},"genericExceptionTypes":["java.lang.Exception"],"annotatedReceiverType":{"declaredAnnotations":[],"annotations":[],"type":"com.coconason.dtf.manager.service.impl.TeacherServiceImpl"},"declaringClass":"com.coconason.dtf.manager.service.impl.TeacherServiceImpl","typeParameters":[],"annotatedExceptionTypes":[{"declaredAnnotations":[],"annotations":[],"type":"java.lang.Exception"}],"synthetic":false,"annotatedParameterTypes":[{"declaredAnnotations":[],"annotations":[],"type":"com.coconason.dtf.manager.po.Teacher"}],"returnType":"com.coconason.dtf.manager.model.DemoResult","genericReturnType":"com.coconason.dtf.manager.model.DemoResult","exceptionTypes":["java.lang.Exception"],"default":false,"parameterCount":1,"name":"addTeacherInfo","varArgs":false,"accessible":false,"genericParameterTypes":["com.coconason.dtf.manager.po.Teacher"],"annotations":[{"type":"SYNC_FINAL"},{"rollbackFor":[],"noRollbackFor":[],"readOnly":false,"noRollbackForClassName":[],"isolation":"DEFAULT","rollbackForClassName":[],"value":"","propagation":"REQUIRED","transactionManager":"","timeout":-1}],"bridge":false,"modifiers":1,"parameterTypes":["com.coconason.dtf.manager.po.Teacher"]}', args='[{"t":1,"tname":"Lin"}]', commited=falsegroupMemberId='1538301581814', ctx=ChannelHandlerContext(ServerTransactionHandler#0, [id: 0xc66afc0a, L:/127.0.0.1:18080 - R:/127.0.0.1:65200]), method='{"parameterAnnotations":[[]],"annotatedReturnType":{"declaredAnnotations":[],"annotations":[],"type":"com.coconason.dtf.manager.model.DemoResult"},"genericExceptionTypes":["java.lang.Exception"],"annotatedReceiverType":{"declaredAnnotations":[],"annotations":[],"type":"com.coconason.dtf.manager.service.impl.TeacherServiceImpl"},"declaringClass":"com.coconason.dtf.manager.service.impl.TeacherServiceImpl","typeParameters":[],"annotatedExceptionTypes":[{"declaredAnnotations":[],"annotations":[],"type":"java.lang.Exception"}],"synthetic":false,"annotatedParameterTypes":[{"declaredAnnotations":[],"annotations":[],"type":"com.coconason.dtf.manager.po.Teacher"}],"returnType":"com.coconason.dtf.manager.model.DemoResult","genericReturnType":"com.coconason.dtf.manager.model.DemoResult","exceptionTypes":["java.lang.Exception"],"default":false,"parameterCount":1,"name":"addTeacherInfo","varArgs":false,"accessible":false,"genericParameterTypes":["com.coconason.dtf.manager.po.Teacher"],"annotations":[{"type":"SYNC_FINAL"},{"rollbackFor":[],"noRollbackFor":[],"readOnly":false,"noRollbackForClassName":[],"isolation":"DEFAULT","rollbackForClassName":[],"value":"","propagation":"REQUIRED","transactionManager":"","timeout":-1}],"bridge":false,"modifiers":1,"parameterTypes":["com.coconason.dtf.manager.po.Teacher"]}', args='[{"t":2,"tname":"Yun"}]', commited=falsegroupMemberId='1538301582428', ctx=ChannelHandlerContext(ServerTransactionHandler#0, [id: 0xd7b161ea, L:/127.0.0.1:18080 - R:/127.0.0.1:65202]), method='{"parameterAnnotations":[[]],"annotatedReturnType":{"declaredAnnotations":[],"annotations":[],"type":"com.coconason.dtf.demo3.springdemo3.model.DemoResult"},"genericExceptionTypes":["java.lang.Exception"],"annotatedReceiverType":{"declaredAnnotations":[],"annotations":[],"type":"com.coconason.dtf.demo3.springdemo3.service.impl.SCServiceImpl"},"declaringClass":"com.coconason.dtf.demo3.springdemo3.service.impl.SCServiceImpl","typeParameters":[],"annotatedExceptionTypes":[{"declaredAnnotations":[],"annotations":[],"type":"java.lang.Exception"}],"synthetic":false,"annotatedParameterTypes":[{"declaredAnnotations":[],"annotations":[],"type":"com.coconason.dtf.demo3.springdemo3.po.Sc"}],"returnType":"com.coconason.dtf.demo3.springdemo3.model.DemoResult","genericReturnType":"com.coconason.dtf.demo3.springdemo3.model.DemoResult","exceptionTypes":["java.lang.Exception"],"default":false,"parameterCount":1,"name":"addSCInfo","varArgs":false,"accessible":false,"genericParameterTypes":["com.coconason.dtf.demo3.springdemo3.po.Sc"],"annotations":[{"type":"SYNC_FINAL"},{"rollbackFor":[],"noRollbackFor":[],"readOnly":false,"noRollbackForClassName":[],"isolation":"DEFAULT","rollbackForClassName":[],"value":"","propagation":"REQUIRED","transactionManager":"","timeout":-1}],"bridge":false,"modifiers":1,"parameterTypes":["com.coconason.dtf.demo3.springdemo3.po.Sc"]}', args='[{"s":7,"c":5,"score":95}]', commited=falsegroupMemberId='1', ctx=ChannelHandlerContext(ServerTransactionHandler#0, [id: 0xa88f73ab, L:/127.0.0.1:18080 - R:/127.0.0.1:65196]), method='{"parameterAnnotations":[[]],"annotatedReturnType":{"declaredAnnotations":[],"annotations":[],"type":"com.coconason.dtf.demo.model.DemoResult"},"genericExceptionTypes":["java.lang.Exception"],"annotatedReceiverType":{"declaredAnnotations":[],"annotations":[],"type":"com.coconason.dtf.demo.service.impl.CourseServiceImpl"},"declaringClass":"com.coconason.dtf.demo.service.impl.CourseServiceImpl","typeParameters":[],"annotatedExceptionTypes":[{"declaredAnnotations":[],"annotations":[],"type":"java.lang.Exception"}],"synthetic":false,"annotatedParameterTypes":[{"declaredAnnotations":[],"annotations":[],"type":"com.coconason.dtf.demo.po.Course"}],"returnType":"com.coconason.dtf.demo.model.DemoResult","genericReturnType":"com.coconason.dtf.demo.model.DemoResult","exceptionTypes":["java.lang.Exception"],"default":false,"parameterCount":1,"name":"addCourseInfo","varArgs":false,"accessible":false,"genericParameterTypes":["com.coconason.dtf.demo.po.Course"],"annotations":[{"type":"SYNC_FINAL"},{"rollbackFor":[],"noRollbackFor":[],"readOnly":false,"noRollbackForClassName":[],"isolation":"DEFAULT","rollbackForClassName":[],"value":"","propagation":"REQUIRED","transactionManager":"","timeout":-1}],"bridge":false,"modifiers":1,"parameterTypes":["com.coconason.dtf.demo.po.Course"]}', args='[{"t":5,"c":5,"cname":"Science"}]', commited=false}
2018-09-30 18:00:03 [com.coconason.dtf.manager.utils.LockAndCondition:81] ERROR - send APPROVESUBMIT message fail
groupId:4960183102325391361538301581643
action:APPROVESUBMIT
2018-09-30 18:00:12 [com.coconason.dtf.manager.utils.LockAndCondition:81] ERROR - send APPROVESUBMIT message fail
groupId:4960183102325391361538301581814
action:APPROVESUBMIT
2018-09-30 18:00:22 [com.coconason.dtf.manager.utils.LockAndCondition:81] ERROR - send APPROVESUBMIT message fail
groupId:4960183102325391361538301582428
action:APPROVESUBMIT
2018-09-30 18:00:32 [com.coconason.dtf.manager.utils.LockAndCondition:81] ERROR - send APPROVESUBMIT message fail
groupId:4960183102325391361
action:APPROVESUBMIT
2018-09-30 18:02:20 [com.coconason.dtf.manager.utils.LockAndCondition:81] ERROR - send APPROVESUBMIT message fail
groupId:4960189296179937281538301729201
action:APPROVESUBMIT
2018-09-30 18:02:20 [com.coconason.dtf.manager.utils.LockAndCondition:81] ERROR - send APPROVESUBMIT message fail
groupId:4960189296179937281538301729063
action:APPROVESUBMIT
2018-09-30 18:02:20 [com.coconason.dtf.manager.utils.LockAndCondition:81] ERROR - send APPROVESUBMIT message fail
groupId:4960189296179937281538301729813
action:APPROVESUBMIT
2018-09-30 18:02:20 [com.coconason.dtf.manager.utils.LockAndCondition:81] ERROR - send APPROVESUBMIT message fail
groupId:4960189296179937281
action:APPROVESUBMIT
2018-09-30 18:55:25 [com.coconason.dtf.manager.protobufserver.ServerTransactionHandler:139] ERROR - SUB FAIL :{ groupId=496032299188486144groupMemberId='1538304915986', ctx=ChannelHandlerContext(ServerTransactionHandler#0, [id: 0x876b6a81, L:/127.0.0.1:18080 - R:/127.0.0.1:50629]), method='{"parameterAnnotations":[[]],"annotatedReturnType":{"declaredAnnotations":[],"annotations":[],"type":"com.coconason.dtf.manager.model.DemoResult"},"genericExceptionTypes":["java.lang.Exception"],"annotatedReceiverType":{"declaredAnnotations":[],"annotations":[],"type":"com.coconason.dtf.manager.service.impl.TeacherServiceImpl"},"declaringClass":"com.coconason.dtf.manager.service.impl.TeacherServiceImpl","typeParameters":[],"annotatedExceptionTypes":[{"declaredAnnotations":[],"annotations":[],"type":"java.lang.Exception"}],"synthetic":false,"annotatedParameterTypes":[{"declaredAnnotations":[],"annotations":[],"type":"com.coconason.dtf.manager.po.Teacher"}],"returnType":"com.coconason.dtf.manager.model.DemoResult","genericReturnType":"com.coconason.dtf.manager.model.DemoResult","exceptionTypes":["java.lang.Exception"],"default":false,"parameterCount":1,"name":"addTeacherInfo","varArgs":false,"accessible":false,"genericParameterTypes":["com.coconason.dtf.manager.po.Teacher"],"annotations":[{"type":"SYNC_FINAL"},{"rollbackFor":[],"noRollbackFor":[],"readOnly":false,"noRollbackForClassName":[],"isolation":"DEFAULT","rollbackForClassName":[],"value":"","propagation":"REQUIRED","transactionManager":"","timeout":-1}],"bridge":false,"modifiers":1,"parameterTypes":["com.coconason.dtf.manager.po.Teacher"]}', args='[{"t":1,"tname":"Lin"}]', commited=falsegroupMemberId='1', ctx=ChannelHandlerContext(ServerTransactionHandler#0, [id: 0xeca61b7c, L:/127.0.0.1:18080 - R:/127.0.0.1:50630]), method='{"parameterAnnotations":[[]],"annotatedReturnType":{"declaredAnnotations":[],"annotations":[],"type":"com.coconason.dtf.demo.model.DemoResult"},"genericExceptionTypes":["java.lang.Exception"],"annotatedReceiverType":{"declaredAnnotations":[],"annotations":[],"type":"com.coconason.dtf.demo.service.impl.CourseServiceImpl"},"declaringClass":"com.coconason.dtf.demo.service.impl.CourseServiceImpl","typeParameters":[],"annotatedExceptionTypes":[{"declaredAnnotations":[],"annotations":[],"type":"java.lang.Exception"}],"synthetic":false,"annotatedParameterTypes":[{"declaredAnnotations":[],"annotations":[],"type":"com.coconason.dtf.demo.po.Course"}],"returnType":"com.coconason.dtf.demo.model.DemoResult","genericReturnType":"com.coconason.dtf.demo.model.DemoResult","exceptionTypes":["java.lang.Exception"],"default":false,"parameterCount":1,"name":"addCourseInfo","varArgs":false,"accessible":false,"genericParameterTypes":["com.coconason.dtf.demo.po.Course"],"annotations":[{"type":"SYNC_FINAL"},{"rollbackFor":[],"noRollbackFor":[],"readOnly":false,"noRollbackForClassName":[],"isolation":"DEFAULT","rollbackForClassName":[],"value":"","propagation":"REQUIRED","transactionManager":"","timeout":-1}],"bridge":false,"modifiers":1,"parameterTypes":["com.coconason.dtf.demo.po.Course"]}', args='[{"t":5,"c":5,"cname":"Science"}]', commited=false}
2018-09-30 18:55:26 [com.coconason.dtf.manager.protobufserver.ServerTransactionHandler:139] ERROR - SUB FAIL :{ groupId=496029671876460544groupMemberId='1538304916035', ctx=ChannelHandlerContext(ServerTransactionHandler#0, [id: 0xcb26d2ca, L:/127.0.0.1:18080 - R:/127.0.0.1:50632]), method='{"parameterAnnotations":[[]],"annotatedReturnType":{"declaredAnnotations":[],"annotations":[],"type":"com.coconason.dtf.demo3.springdemo3.model.DemoResult"},"genericExceptionTypes":["java.lang.Exception"],"annotatedReceiverType":{"declaredAnnotations":[],"annotations":[],"type":"com.coconason.dtf.demo3.springdemo3.service.impl.SCServiceImpl"},"declaringClass":"com.coconason.dtf.demo3.springdemo3.service.impl.SCServiceImpl","typeParameters":[],"annotatedExceptionTypes":[{"declaredAnnotations":[],"annotations":[],"type":"java.lang.Exception"}],"synthetic":false,"annotatedParameterTypes":[{"declaredAnnotations":[],"annotations":[],"type":"com.coconason.dtf.demo3.springdemo3.po.Sc"}],"returnType":"com.coconason.dtf.demo3.springdemo3.model.DemoResult","genericReturnType":"com.coconason.dtf.demo3.springdemo3.model.DemoResult","exceptionTypes":["java.lang.Exception"],"default":false,"parameterCount":1,"name":"addSCInfo","varArgs":false,"accessible":false,"genericParameterTypes":["com.coconason.dtf.demo3.springdemo3.po.Sc"],"annotations":[{"type":"SYNC_FINAL"},{"rollbackFor":[],"noRollbackFor":[],"readOnly":false,"noRollbackForClassName":[],"isolation":"DEFAULT","rollbackForClassName":[],"value":"","propagation":"REQUIRED","transactionManager":"","timeout":-1}],"bridge":false,"modifiers":1,"parameterTypes":["com.coconason.dtf.demo3.springdemo3.po.Sc"]}', args='[{"s":7,"c":5,"score":95}]', commited=falsegroupMemberId='1538304290258', ctx=ChannelHandlerContext(ServerTransactionHandler#0, [id: 0x876b6a81, L:/127.0.0.1:18080 - R:/127.0.0.1:50629]), method='{"parameterAnnotations":[[]],"annotatedReturnType":{"declaredAnnotations":[],"annotations":[],"type":"com.coconason.dtf.manager.model.DemoResult"},"genericExceptionTypes":["java.lang.Exception"],"annotatedReceiverType":{"declaredAnnotations":[],"annotations":[],"type":"com.coconason.dtf.manager.service.impl.TeacherServiceImpl"},"declaringClass":"com.coconason.dtf.manager.service.impl.TeacherServiceImpl","typeParameters":[],"annotatedExceptionTypes":[{"declaredAnnotations":[],"annotations":[],"type":"java.lang.Exception"}],"synthetic":false,"annotatedParameterTypes":[{"declaredAnnotations":[],"annotations":[],"type":"com.coconason.dtf.manager.po.Teacher"}],"returnType":"com.coconason.dtf.manager.model.DemoResult","genericReturnType":"com.coconason.dtf.manager.model.DemoResult","exceptionTypes":["java.lang.Exception"],"default":false,"parameterCount":1,"name":"addTeacherInfo","varArgs":false,"accessible":false,"genericParameterTypes":["com.coconason.dtf.manager.po.Teacher"],"annotations":[{"type":"SYNC_FINAL"},{"rollbackFor":[],"noRollbackFor":[],"readOnly":false,"noRollbackForClassName":[],"isolation":"DEFAULT","rollbackForClassName":[],"value":"","propagation":"REQUIRED","transactionManager":"","timeout":-1}],"bridge":false,"modifiers":1,"parameterTypes":["com.coconason.dtf.manager.po.Teacher"]}', args='[{"t":1,"tname":"Lin"}]', commited=false}
2018-10-01 07:53:50 [com.coconason.dtf.manager.utils.LockAndCondition:90] ERROR - send APPROVESUBMIT_STRONG message fail
groupId:4962279383881482241538351560026
action:APPROVESUBMIT_STRONG
2018-10-01 07:53:53 [com.coconason.dtf.manager.utils.LockAndCondition:90] ERROR - send APPROVESUBMIT_STRONG message fail
groupId:4962279383881482241538351560059
action:APPROVESUBMIT_STRONG
2018-10-01 07:53:53 [com.coconason.dtf.manager.utils.LockAndCondition:90] ERROR - send APPROVESUBMIT_STRONG message fail
groupId:4962279383881482241
action:APPROVESUBMIT_STRONG
2018-10-01 07:53:54 [com.coconason.dtf.manager.utils.LockAndCondition:90] ERROR - send APPROVESUBMIT_STRONG message fail
groupId:4962279383881482241538351560801
action:APPROVESUBMIT_STRONG
2018-10-01 08:15:20 [com.coconason.dtf.manager.utils.LockAndCondition:81] ERROR - send WHOLE_FAIL_STRONG message fail
groupId:496233553311301632
action:WHOLE_FAIL_STRONG
2018-10-01 08:18:48 [com.coconason.dtf.manager.utils.LockAndCondition:81] ERROR - send WHOLE_FAIL_STRONG message fail
groupId:496234428977119232
action:WHOLE_FAIL_STRONG
2018-10-01 08:22:01 [com.coconason.dtf.manager.utils.LockAndCondition:81] ERROR - send WHOLE_FAIL_STRONG message fail
groupId:496235238616203264
action:WHOLE_FAIL_STRONG
2018-10-01 08:22:59 [com.coconason.dtf.manager.utils.LockAndCondition:81] ERROR - send WHOLE_FAIL_STRONG message fail
groupId:496235487556534272
action:WHOLE_FAIL_STRONG
2018-10-01 08:25:16 [com.coconason.dtf.manager.utils.LockAndCondition:81] ERROR - send WHOLE_FAIL_STRONG message fail
groupId:496236060137750528
action:WHOLE_FAIL_STRONG
2018-10-01 08:26:04 [com.coconason.dtf.manager.utils.LockAndCondition:81] ERROR - send WHOLE_FAIL_STRONG message fail
groupId:496236258658353152
action:WHOLE_FAIL_STRONG
2018-10-01 08:28:12 [com.coconason.dtf.manager.utils.LockAndCondition:81] ERROR - send WHOLE_FAIL_STRONG message fail
groupId:496236795936112640
action:WHOLE_FAIL_STRONG
2018-10-01 08:30:48 [com.coconason.dtf.manager.utils.LockAndCondition:81] ERROR - send WHOLE_FAIL_STRONG message fail
groupId:496237453846249472
action:WHOLE_FAIL_STRONG
2018-10-01 08:32:04 [com.coconason.dtf.manager.utils.LockAndCondition:81] ERROR - send WHOLE_FAIL_STRONG message fail
groupId:496237772764348416
action:WHOLE_FAIL_STRONG
2018-10-01 08:33:28 [com.coconason.dtf.manager.utils.LockAndCondition:81] ERROR - send WHOLE_FAIL_STRONG message fail
groupId:496238124888752128
action:WHOLE_FAIL_STRONG
2018-10-01 08:33:28 [com.coconason.dtf.manager.utils.LockAndCondition:81] ERROR - send WHOLE_FAIL_STRONG message fail
groupId:496236795936112640
action:WHOLE_FAIL_STRONG
2018-10-01 08:36:14 [com.coconason.dtf.manager.utils.LockAndCondition:81] ERROR - send WHOLE_FAIL_STRONG message fail
groupId:496237453846249472
action:WHOLE_FAIL_STRONG
2018-10-01 08:37:49 [com.coconason.dtf.manager.utils.LockAndCondition:81] ERROR - send WHOLE_FAIL_STRONG message fail
groupId:496239217764990976
action:WHOLE_FAIL_STRONG
2018-10-01 08:37:49 [com.coconason.dtf.manager.utils.LockAndCondition:81] ERROR - send WHOLE_FAIL_STRONG message fail
groupId:496237772764348416
action:WHOLE_FAIL_STRONG
2018-10-01 08:38:26 [com.coconason.dtf.manager.utils.LockAndCondition:81] ERROR - send WHOLE_FAIL_STRONG message fail
groupId:496239375391129600
action:WHOLE_FAIL_STRONG
2018-10-01 08:38:26 [com.coconason.dtf.manager.utils.LockAndCondition:81] ERROR - send WHOLE_FAIL_STRONG message fail
groupId:496237453846249472
action:WHOLE_FAIL_STRONG
2018-10-01 08:38:26 [com.coconason.dtf.manager.utils.LockAndCondition:81] ERROR - send WHOLE_FAIL_STRONG message fail
groupId:496238124888752128
action:WHOLE_FAIL_STRONG
2018-10-01 08:41:41 [com.coconason.dtf.manager.utils.LockAndCondition:81] ERROR - send WHOLE_FAIL_STRONG message fail
groupId:496237453846249472
action:WHOLE_FAIL_STRONG
2018-10-01 08:41:41 [com.coconason.dtf.manager.utils.LockAndCondition:81] ERROR - send WHOLE_FAIL_STRONG message fail
groupId:496236795936112640
action:WHOLE_FAIL_STRONG
2018-10-01 08:41:41 [com.coconason.dtf.manager.utils.LockAndCondition:81] ERROR - send WHOLE_FAIL_STRONG message fail
groupId:496239217764990976
action:WHOLE_FAIL_STRONG
2018-10-01 08:44:42 [com.coconason.dtf.manager.utils.LockAndCondition:81] ERROR - send WHOLE_FAIL_STRONG message fail
groupId:496236795936112640
action:WHOLE_FAIL_STRONG
2018-10-01 08:46:46 [com.coconason.dtf.manager.utils.LockAndCondition:81] ERROR - send WHOLE_FAIL_STRONG message fail
groupId:496237453846249472
action:WHOLE_FAIL_STRONG
2018-10-01 08:46:46 [com.coconason.dtf.manager.utils.LockAndCondition:81] ERROR - send WHOLE_FAIL_STRONG message fail
groupId:496237453846249472
action:WHOLE_FAIL_STRONG
2018-10-01 08:47:33 [com.coconason.dtf.manager.utils.LockAndCondition:81] ERROR - send WHOLE_FAIL_STRONG message fail
groupId:496237772764348416
action:WHOLE_FAIL_STRONG
2018-10-01 08:48:09 [com.coconason.dtf.manager.utils.LockAndCondition:81] ERROR - send WHOLE_FAIL_STRONG message fail
groupId:496238124888752128
action:WHOLE_FAIL_STRONG
2018-10-01 08:48:09 [com.coconason.dtf.manager.utils.LockAndCondition:81] ERROR - send WHOLE_FAIL_STRONG message fail
groupId:496236795936112640
action:WHOLE_FAIL_STRONG
2018-10-01 08:49:44 [com.coconason.dtf.manager.utils.LockAndCondition:81] ERROR - send WHOLE_FAIL_STRONG message fail
groupId:496242214926548992
action:WHOLE_FAIL_STRONG
2018-10-01 08:50:16 [com.coconason.dtf.manager.utils.LockAndCondition:81] ERROR - send WHOLE_FAIL_STRONG message fail
groupId:496242350301904896
action:WHOLE_FAIL_STRONG
2018-10-01 08:53:39 [com.coconason.dtf.manager.utils.LockAndCondition:81] ERROR - send WHOLE_FAIL_STRONG message fail
groupId:496243202391539712
action:WHOLE_FAIL_STRONG
2018-10-01 08:54:51 [com.coconason.dtf.manager.utils.LockAndCondition:81] ERROR - send WHOLE_FAIL_STRONG message fail
groupId:496242214926548992
action:WHOLE_FAIL_STRONG
2018-10-01 08:55:40 [com.coconason.dtf.manager.utils.LockAndCondition:81] ERROR - send WHOLE_SUCCESS_STRONG message fail
groupId:496243747827220480
action:WHOLE_SUCCESS_STRONG
2018-10-01 09:06:20 [com.coconason.dtf.manager.utils.LockAndCondition:81] ERROR - send WHOLE_FAIL_STRONG message fail
groupId:496246389416656896
action:WHOLE_FAIL_STRONG
2018-10-01 09:12:23 [com.coconason.dtf.manager.utils.LockAndCondition:81] ERROR - send WHOLE_FAIL_STRONG message fail
groupId:496247914465591296
action:WHOLE_FAIL_STRONG
2018-10-01 09:14:27 [com.coconason.dtf.manager.utils.LockAndCondition:81] ERROR - send WHOLE_FAIL_STRONG message fail
groupId:496248434018222080
action:WHOLE_FAIL_STRONG
