2018-08-28 14:32:06.223 [main] WARN  [org.springframework.boot.web.servlet.context.AnnotationConfigServletWebServerApplicationContext:558] [,] - Exception encountered during context initialization - cancelling refresh attempt: org.springframework.beans.factory.BeanDefinitionStoreException: Failed to process import candidates for configuration class [com.coconason.dtf.demo.SpringDemoApplication]; nested exception is java.io.FileNotFoundException: class path resource [nettyserver.properties] cannot be opened because it does not exist
2018-08-28 14:33:21.962 [main] WARN  [org.springframework.boot.web.servlet.context.AnnotationConfigServletWebServerApplicationContext:558] [,] - Exception encountered during context initialization - cancelling refresh attempt: org.springframework.beans.factory.BeanDefinitionStoreException: Failed to process import candidates for configuration class [com.coconason.dtf.demo2.SpringDemo2Application]; nested exception is java.io.FileNotFoundException: class path resource [nettyserver.properties] cannot be opened because it does not exist
2018-08-28 14:35:38.319 [main] WARN  [org.springframework.boot.web.servlet.context.AnnotationConfigServletWebServerApplicationContext:558] [,] - Exception encountered during context initialization - cancelling refresh attempt: org.springframework.beans.factory.BeanDefinitionStoreException: Failed to process import candidates for configuration class [com.coconason.dtf.demo.SpringDemoApplication]; nested exception is java.io.FileNotFoundException: class path resource [nettyserver.properties] cannot be opened because it does not exist
2018-08-28 14:38:05.834 [main] WARN  [org.springframework.boot.web.servlet.context.AnnotationConfigServletWebServerApplicationContext:558] [,] - Exception encountered during context initialization - cancelling refresh attempt: org.springframework.beans.factory.BeanDefinitionStoreException: Failed to process import candidates for configuration class [com.coconason.dtf.demo.SpringDemoApplication]; nested exception is java.io.FileNotFoundException: class path resource [nettyserver.properties] cannot be opened because it does not exist
2018-08-28 14:47:30.700 [main] WARN  [org.springframework.boot.web.servlet.context.AnnotationConfigServletWebServerApplicationContext:558] [,] - Exception encountered during context initialization - cancelling refresh attempt: org.springframework.beans.factory.BeanDefinitionStoreException: Failed to process import candidates for configuration class [com.coconason.dtf.demo.SpringDemoApplication]; nested exception is java.io.FileNotFoundException: class path resource [nettyserver.properties] cannot be opened because it does not exist
2018-08-28 14:47:30.741 [main] ERROR [org.springframework.boot.SpringApplication:842] [,] - Application run failed
org.springframework.beans.factory.BeanDefinitionStoreException: Failed to process import candidates for configuration class [com.coconason.dtf.demo.SpringDemoApplication]; nested exception is java.io.FileNotFoundException: class path resource [nettyserver.properties] cannot be opened because it does not exist
	at org.springframework.context.annotation.ConfigurationClassParser.processImports(ConfigurationClassParser.java:648) ~[spring-context-5.0.7.RELEASE.jar:5.0.7.RELEASE]
	at org.springframework.context.annotation.ConfigurationClassParser.lambda$processDeferredImportSelectors$2(ConfigurationClassParser.java:567) ~[spring-context-5.0.7.RELEASE.jar:5.0.7.RELEASE]
	at java.util.ArrayList.forEach(ArrayList.java:1257) ~[?:1.8.0_161]
	at org.springframework.context.annotation.ConfigurationClassParser.processDeferredImportSelectors(ConfigurationClassParser.java:563) ~[spring-context-5.0.7.RELEASE.jar:5.0.7.RELEASE]
	at org.springframework.context.annotation.ConfigurationClassParser.parse(ConfigurationClassParser.java:188) ~[spring-context-5.0.7.RELEASE.jar:5.0.7.RELEASE]
	at org.springframework.context.annotation.ConfigurationClassPostProcessor.processConfigBeanDefinitions(ConfigurationClassPostProcessor.java:316) ~[spring-context-5.0.7.RELEASE.jar:5.0.7.RELEASE]
	at org.springframework.context.annotation.ConfigurationClassPostProcessor.postProcessBeanDefinitionRegistry(ConfigurationClassPostProcessor.java:233) ~[spring-context-5.0.7.RELEASE.jar:5.0.7.RELEASE]
	at org.springframework.context.support.PostProcessorRegistrationDelegate.invokeBeanDefinitionRegistryPostProcessors(PostProcessorRegistrationDelegate.java:273) ~[spring-context-5.0.7.RELEASE.jar:5.0.7.RELEASE]
	at org.springframework.context.support.PostProcessorRegistrationDelegate.invokeBeanFactoryPostProcessors(PostProcessorRegistrationDelegate.java:93) ~[spring-context-5.0.7.RELEASE.jar:5.0.7.RELEASE]
	at org.springframework.context.support.AbstractApplicationContext.invokeBeanFactoryPostProcessors(AbstractApplicationContext.java:694) ~[spring-context-5.0.7.RELEASE.jar:5.0.7.RELEASE]
	at org.springframework.context.support.AbstractApplicationContext.refresh(AbstractApplicationContext.java:532) ~[spring-context-5.0.7.RELEASE.jar:5.0.7.RELEASE]
	at org.springframework.boot.web.servlet.context.ServletWebServerApplicationContext.refresh(ServletWebServerApplicationContext.java:140) ~[spring-boot-2.0.3.RELEASE.jar:2.0.3.RELEASE]
	at org.springframework.boot.SpringApplication.refresh(SpringApplication.java:759) ~[spring-boot-2.0.3.RELEASE.jar:2.0.3.RELEASE]
	at org.springframework.boot.SpringApplication.refreshContext(SpringApplication.java:395) ~[spring-boot-2.0.3.RELEASE.jar:2.0.3.RELEASE]
	at org.springframework.boot.SpringApplication.run(SpringApplication.java:327) ~[spring-boot-2.0.3.RELEASE.jar:2.0.3.RELEASE]
	at org.springframework.boot.SpringApplication.run(SpringApplication.java:1255) ~[spring-boot-2.0.3.RELEASE.jar:2.0.3.RELEASE]
	at org.springframework.boot.SpringApplication.run(SpringApplication.java:1243) ~[spring-boot-2.0.3.RELEASE.jar:2.0.3.RELEASE]
	at com.coconason.dtf.demo.SpringDemoApplication.main(SpringDemoApplication.java:18) ~[classes/:?]
Caused by: java.io.FileNotFoundException: class path resource [nettyserver.properties] cannot be opened because it does not exist
	at org.springframework.core.io.ClassPathResource.getInputStream(ClassPathResource.java:180) ~[spring-core-5.0.7.RELEASE.jar:5.0.7.RELEASE]
	at org.springframework.core.io.support.EncodedResource.getInputStream(EncodedResource.java:159) ~[spring-core-5.0.7.RELEASE.jar:5.0.7.RELEASE]
	at org.springframework.core.io.support.PropertiesLoaderUtils.fillProperties(PropertiesLoaderUtils.java:99) ~[spring-core-5.0.7.RELEASE.jar:5.0.7.RELEASE]
	at org.springframework.core.io.support.PropertiesLoaderUtils.fillProperties(PropertiesLoaderUtils.java:73) ~[spring-core-5.0.7.RELEASE.jar:5.0.7.RELEASE]
	at org.springframework.core.io.support.PropertiesLoaderUtils.loadProperties(PropertiesLoaderUtils.java:59) ~[spring-core-5.0.7.RELEASE.jar:5.0.7.RELEASE]
	at org.springframework.core.io.support.ResourcePropertySource.<init>(ResourcePropertySource.java:67) ~[spring-core-5.0.7.RELEASE.jar:5.0.7.RELEASE]
	at org.springframework.core.io.support.DefaultPropertySourceFactory.createPropertySource(DefaultPropertySourceFactory.java:37) ~[spring-core-5.0.7.RELEASE.jar:5.0.7.RELEASE]
	at org.springframework.context.annotation.ConfigurationClassParser.processPropertySource(ConfigurationClassParser.java:453) ~[spring-context-5.0.7.RELEASE.jar:5.0.7.RELEASE]
	at org.springframework.context.annotation.ConfigurationClassParser.doProcessConfigurationClass(ConfigurationClassParser.java:272) ~[spring-context-5.0.7.RELEASE.jar:5.0.7.RELEASE]
	at org.springframework.context.annotation.ConfigurationClassParser.processConfigurationClass(ConfigurationClassParser.java:245) ~[spring-context-5.0.7.RELEASE.jar:5.0.7.RELEASE]
	at org.springframework.context.annotation.ConfigurationClassParser.parse(ConfigurationClassParser.java:194) ~[spring-context-5.0.7.RELEASE.jar:5.0.7.RELEASE]
	at org.springframework.context.annotation.ConfigurationClassParser.doProcessConfigurationClass(ConfigurationClassParser.java:296) ~[spring-context-5.0.7.RELEASE.jar:5.0.7.RELEASE]
	at org.springframework.context.annotation.ConfigurationClassParser.processConfigurationClass(ConfigurationClassParser.java:245) ~[spring-context-5.0.7.RELEASE.jar:5.0.7.RELEASE]
	at org.springframework.context.annotation.ConfigurationClassParser.processImports(ConfigurationClassParser.java:638) ~[spring-context-5.0.7.RELEASE.jar:5.0.7.RELEASE]
	... 17 more
2018-08-28 14:51:08.082 [main] WARN  [org.springframework.boot.web.servlet.context.AnnotationConfigServletWebServerApplicationContext:558] [,] - Exception encountered during context initialization - cancelling refresh attempt: org.springframework.beans.factory.BeanDefinitionStoreException: Failed to process import candidates for configuration class [com.coconason.dtf.demo.SpringDemoApplication]; nested exception is java.io.FileNotFoundException: class path resource [nettyserver.properties] cannot be opened because it does not exist
2018-08-28 14:57:28.679 [main] WARN  [org.springframework.boot.web.servlet.context.AnnotationConfigServletWebServerApplicationContext:558] [,] - Exception encountered during context initialization - cancelling refresh attempt: org.springframework.beans.factory.BeanDefinitionStoreException: Failed to process import candidates for configuration class [com.coconason.dtf.demo.SpringDemoApplication]; nested exception is java.io.FileNotFoundException: class path resource [nettyserver.properties] cannot be opened because it does not exist
2018-08-28 14:58:35.223 [nioEventLoopGroup-2-1] WARN  [io.netty.channel.DefaultChannelPipeline:151] [,] - An exceptionCaught() event was fired, and it reached at the tail of the pipeline. It usually means the last handler in the pipeline did not handle the exception.
com.alibaba.fastjson.JSONException: syntax error, pos 1, json : login_ok
	at com.alibaba.fastjson.parser.DefaultJSONParser.parse(DefaultJSONParser.java:1394) ~[fastjson-1.2.38.jar:?]
	at com.alibaba.fastjson.parser.DefaultJSONParser.parse(DefaultJSONParser.java:1287) ~[fastjson-1.2.38.jar:?]
	at com.alibaba.fastjson.JSON.parse(JSON.java:139) ~[fastjson-1.2.38.jar:?]
	at com.alibaba.fastjson.JSON.parse(JSON.java:130) ~[fastjson-1.2.38.jar:?]
	at com.alibaba.fastjson.JSON.parseObject(JSON.java:206) ~[fastjson-1.2.38.jar:?]
	at com.coconason.dtf.client.core.nettyclient.protobufclient.ClientTransactionHandler.channelRead(ClientTransactionHandler.java:41) ~[classes/:?]
	at io.netty.channel.AbstractChannelHandlerContext.invokeChannelRead(AbstractChannelHandlerContext.java:362) ~[netty-all-4.1.25.Final.jar:4.1.25.Final]
	at io.netty.channel.AbstractChannelHandlerContext.invokeChannelRead(AbstractChannelHandlerContext.java:348) ~[netty-all-4.1.25.Final.jar:4.1.25.Final]
	at io.netty.channel.AbstractChannelHandlerContext.fireChannelRead(AbstractChannelHandlerContext.java:340) ~[netty-all-4.1.25.Final.jar:4.1.25.Final]
	at com.coconason.dtf.client.core.nettyclient.protobufclient.LoginAuthReqHandler.channelRead(LoginAuthReqHandler.java:33) ~[classes/:?]
	at io.netty.channel.AbstractChannelHandlerContext.invokeChannelRead(AbstractChannelHandlerContext.java:362) ~[netty-all-4.1.25.Final.jar:4.1.25.Final]
	at io.netty.channel.AbstractChannelHandlerContext.invokeChannelRead(AbstractChannelHandlerContext.java:348) ~[netty-all-4.1.25.Final.jar:4.1.25.Final]
	at io.netty.channel.AbstractChannelHandlerContext.fireChannelRead(AbstractChannelHandlerContext.java:340) ~[netty-all-4.1.25.Final.jar:4.1.25.Final]
	at io.netty.handler.timeout.IdleStateHandler.channelRead(IdleStateHandler.java:286) ~[netty-all-4.1.25.Final.jar:4.1.25.Final]
	at io.netty.channel.AbstractChannelHandlerContext.invokeChannelRead(AbstractChannelHandlerContext.java:362) ~[netty-all-4.1.25.Final.jar:4.1.25.Final]
	at io.netty.channel.AbstractChannelHandlerContext.invokeChannelRead(AbstractChannelHandlerContext.java:348) ~[netty-all-4.1.25.Final.jar:4.1.25.Final]
	at io.netty.channel.AbstractChannelHandlerContext.fireChannelRead(AbstractChannelHandlerContext.java:340) ~[netty-all-4.1.25.Final.jar:4.1.25.Final]
	at io.netty.handler.codec.MessageToMessageDecoder.channelRead(MessageToMessageDecoder.java:102) ~[netty-all-4.1.25.Final.jar:4.1.25.Final]
	at io.netty.channel.AbstractChannelHandlerContext.invokeChannelRead(AbstractChannelHandlerContext.java:362) ~[netty-all-4.1.25.Final.jar:4.1.25.Final]
	at io.netty.channel.AbstractChannelHandlerContext.invokeChannelRead(AbstractChannelHandlerContext.java:348) ~[netty-all-4.1.25.Final.jar:4.1.25.Final]
	at io.netty.channel.AbstractChannelHandlerContext.fireChannelRead(AbstractChannelHandlerContext.java:340) ~[netty-all-4.1.25.Final.jar:4.1.25.Final]
	at io.netty.handler.codec.ByteToMessageDecoder.fireChannelRead(ByteToMessageDecoder.java:310) ~[netty-all-4.1.25.Final.jar:4.1.25.Final]
	at io.netty.handler.codec.ByteToMessageDecoder.channelRead(ByteToMessageDecoder.java:284) ~[netty-all-4.1.25.Final.jar:4.1.25.Final]
	at io.netty.channel.AbstractChannelHandlerContext.invokeChannelRead(AbstractChannelHandlerContext.java:362) ~[netty-all-4.1.25.Final.jar:4.1.25.Final]
	at io.netty.channel.AbstractChannelHandlerContext.invokeChannelRead(AbstractChannelHandlerContext.java:348) ~[netty-all-4.1.25.Final.jar:4.1.25.Final]
	at io.netty.channel.AbstractChannelHandlerContext.fireChannelRead(AbstractChannelHandlerContext.java:340) ~[netty-all-4.1.25.Final.jar:4.1.25.Final]
	at io.netty.channel.DefaultChannelPipeline$HeadContext.channelRead(DefaultChannelPipeline.java:1434) ~[netty-all-4.1.25.Final.jar:4.1.25.Final]
	at io.netty.channel.AbstractChannelHandlerContext.invokeChannelRead(AbstractChannelHandlerContext.java:362) ~[netty-all-4.1.25.Final.jar:4.1.25.Final]
	at io.netty.channel.AbstractChannelHandlerContext.invokeChannelRead(AbstractChannelHandlerContext.java:348) ~[netty-all-4.1.25.Final.jar:4.1.25.Final]
	at io.netty.channel.DefaultChannelPipeline.fireChannelRead(DefaultChannelPipeline.java:965) ~[netty-all-4.1.25.Final.jar:4.1.25.Final]
	at io.netty.channel.nio.AbstractNioByteChannel$NioByteUnsafe.read(AbstractNioByteChannel.java:163) ~[netty-all-4.1.25.Final.jar:4.1.25.Final]
	at io.netty.channel.nio.NioEventLoop.processSelectedKey(NioEventLoop.java:647) ~[netty-all-4.1.25.Final.jar:4.1.25.Final]
	at io.netty.channel.nio.NioEventLoop.processSelectedKeysOptimized(NioEventLoop.java:582) ~[netty-all-4.1.25.Final.jar:4.1.25.Final]
	at io.netty.channel.nio.NioEventLoop.processSelectedKeys(NioEventLoop.java:499) ~[netty-all-4.1.25.Final.jar:4.1.25.Final]
	at io.netty.channel.nio.NioEventLoop.run(NioEventLoop.java:461) ~[netty-all-4.1.25.Final.jar:4.1.25.Final]
	at io.netty.util.concurrent.SingleThreadEventExecutor$5.run(SingleThreadEventExecutor.java:884) ~[netty-all-4.1.25.Final.jar:4.1.25.Final]
	at io.netty.util.concurrent.FastThreadLocalRunnable.run(FastThreadLocalRunnable.java:30) ~[netty-all-4.1.25.Final.jar:4.1.25.Final]
	at java.lang.Thread.run(Thread.java:748) [?:1.8.0_161]
2018-08-28 14:59:30.177 [nioEventLoopGroup-2-2] WARN  [io.netty.channel.DefaultChannelPipeline:151] [,] - An exceptionCaught() event was fired, and it reached at the tail of the pipeline. It usually means the last handler in the pipeline did not handle the exception.
com.alibaba.fastjson.JSONException: syntax error, pos 1, json : login_ok
	at com.alibaba.fastjson.parser.DefaultJSONParser.parse(DefaultJSONParser.java:1394) ~[fastjson-1.2.38.jar:?]
	at com.alibaba.fastjson.parser.DefaultJSONParser.parse(DefaultJSONParser.java:1287) ~[fastjson-1.2.38.jar:?]
	at com.alibaba.fastjson.JSON.parse(JSON.java:139) ~[fastjson-1.2.38.jar:?]
	at com.alibaba.fastjson.JSON.parse(JSON.java:130) ~[fastjson-1.2.38.jar:?]
	at com.alibaba.fastjson.JSON.parseObject(JSON.java:206) ~[fastjson-1.2.38.jar:?]
	at com.coconason.dtf.client.core.nettyclient.protobufclient.ClientTransactionHandler.channelRead(ClientTransactionHandler.java:41) ~[classes/:?]
	at io.netty.channel.AbstractChannelHandlerContext.invokeChannelRead(AbstractChannelHandlerContext.java:362) ~[netty-all-4.1.25.Final.jar:4.1.25.Final]
	at io.netty.channel.AbstractChannelHandlerContext.invokeChannelRead(AbstractChannelHandlerContext.java:348) ~[netty-all-4.1.25.Final.jar:4.1.25.Final]
	at io.netty.channel.AbstractChannelHandlerContext.fireChannelRead(AbstractChannelHandlerContext.java:340) ~[netty-all-4.1.25.Final.jar:4.1.25.Final]
	at com.coconason.dtf.client.core.nettyclient.protobufclient.LoginAuthReqHandler.channelRead(LoginAuthReqHandler.java:33) ~[classes/:?]
	at io.netty.channel.AbstractChannelHandlerContext.invokeChannelRead(AbstractChannelHandlerContext.java:362) ~[netty-all-4.1.25.Final.jar:4.1.25.Final]
	at io.netty.channel.AbstractChannelHandlerContext.invokeChannelRead(AbstractChannelHandlerContext.java:348) ~[netty-all-4.1.25.Final.jar:4.1.25.Final]
	at io.netty.channel.AbstractChannelHandlerContext.fireChannelRead(AbstractChannelHandlerContext.java:340) ~[netty-all-4.1.25.Final.jar:4.1.25.Final]
	at io.netty.handler.timeout.IdleStateHandler.channelRead(IdleStateHandler.java:286) ~[netty-all-4.1.25.Final.jar:4.1.25.Final]
	at io.netty.channel.AbstractChannelHandlerContext.invokeChannelRead(AbstractChannelHandlerContext.java:362) ~[netty-all-4.1.25.Final.jar:4.1.25.Final]
	at io.netty.channel.AbstractChannelHandlerContext.invokeChannelRead(AbstractChannelHandlerContext.java:348) ~[netty-all-4.1.25.Final.jar:4.1.25.Final]
	at io.netty.channel.AbstractChannelHandlerContext.fireChannelRead(AbstractChannelHandlerContext.java:340) ~[netty-all-4.1.25.Final.jar:4.1.25.Final]
	at io.netty.handler.codec.MessageToMessageDecoder.channelRead(MessageToMessageDecoder.java:102) ~[netty-all-4.1.25.Final.jar:4.1.25.Final]
	at io.netty.channel.AbstractChannelHandlerContext.invokeChannelRead(AbstractChannelHandlerContext.java:362) ~[netty-all-4.1.25.Final.jar:4.1.25.Final]
	at io.netty.channel.AbstractChannelHandlerContext.invokeChannelRead(AbstractChannelHandlerContext.java:348) ~[netty-all-4.1.25.Final.jar:4.1.25.Final]
	at io.netty.channel.AbstractChannelHandlerContext.fireChannelRead(AbstractChannelHandlerContext.java:340) ~[netty-all-4.1.25.Final.jar:4.1.25.Final]
	at io.netty.handler.codec.ByteToMessageDecoder.fireChannelRead(ByteToMessageDecoder.java:310) ~[netty-all-4.1.25.Final.jar:4.1.25.Final]
	at io.netty.handler.codec.ByteToMessageDecoder.channelRead(ByteToMessageDecoder.java:284) ~[netty-all-4.1.25.Final.jar:4.1.25.Final]
	at io.netty.channel.AbstractChannelHandlerContext.invokeChannelRead(AbstractChannelHandlerContext.java:362) ~[netty-all-4.1.25.Final.jar:4.1.25.Final]
	at io.netty.channel.AbstractChannelHandlerContext.invokeChannelRead(AbstractChannelHandlerContext.java:348) ~[netty-all-4.1.25.Final.jar:4.1.25.Final]
	at io.netty.channel.AbstractChannelHandlerContext.fireChannelRead(AbstractChannelHandlerContext.java:340) ~[netty-all-4.1.25.Final.jar:4.1.25.Final]
	at io.netty.channel.DefaultChannelPipeline$HeadContext.channelRead(DefaultChannelPipeline.java:1434) ~[netty-all-4.1.25.Final.jar:4.1.25.Final]
	at io.netty.channel.AbstractChannelHandlerContext.invokeChannelRead(AbstractChannelHandlerContext.java:362) ~[netty-all-4.1.25.Final.jar:4.1.25.Final]
	at io.netty.channel.AbstractChannelHandlerContext.invokeChannelRead(AbstractChannelHandlerContext.java:348) ~[netty-all-4.1.25.Final.jar:4.1.25.Final]
	at io.netty.channel.DefaultChannelPipeline.fireChannelRead(DefaultChannelPipeline.java:965) ~[netty-all-4.1.25.Final.jar:4.1.25.Final]
	at io.netty.channel.nio.AbstractNioByteChannel$NioByteUnsafe.read(AbstractNioByteChannel.java:163) ~[netty-all-4.1.25.Final.jar:4.1.25.Final]
	at io.netty.channel.nio.NioEventLoop.processSelectedKey(NioEventLoop.java:647) ~[netty-all-4.1.25.Final.jar:4.1.25.Final]
	at io.netty.channel.nio.NioEventLoop.processSelectedKeysOptimized(NioEventLoop.java:582) ~[netty-all-4.1.25.Final.jar:4.1.25.Final]
	at io.netty.channel.nio.NioEventLoop.processSelectedKeys(NioEventLoop.java:499) ~[netty-all-4.1.25.Final.jar:4.1.25.Final]
	at io.netty.channel.nio.NioEventLoop.run(NioEventLoop.java:461) ~[netty-all-4.1.25.Final.jar:4.1.25.Final]
	at io.netty.util.concurrent.SingleThreadEventExecutor$5.run(SingleThreadEventExecutor.java:884) ~[netty-all-4.1.25.Final.jar:4.1.25.Final]
	at io.netty.util.concurrent.FastThreadLocalRunnable.run(FastThreadLocalRunnable.java:30) ~[netty-all-4.1.25.Final.jar:4.1.25.Final]
	at java.lang.Thread.run(Thread.java:748) [?:1.8.0_161]
