2018-08-28 15:00:20.190 [nioEventLoopGroup-2-2] WARN  [io.netty.channel.DefaultChannelPipeline:151] [,] - An exceptionCaught() event was fired, and it reached at the tail of the pipeline. It usually means the last handler in the pipeline did not handle the exception.
io.netty.handler.timeout.ReadTimeoutException: null
2018-08-28 15:00:25.201 [nioEventLoopGroup-2-3] WARN  [io.netty.channel.DefaultChannelPipeline:151] [,] - An exceptionCaught() event was fired, and it reached at the tail of the pipeline. It usually means the last handler in the pipeline did not handle the exception.
com.alibaba.fastjson.JSONException: syntax error, pos 1, json : login_ok
	at com.alibaba.fastjson.parser.DefaultJSONParser.parse(DefaultJSONParser.java:1394) ~[fastjson-1.2.38.jar:?]
	at com.alibaba.fastjson.parser.DefaultJSONParser.parse(DefaultJSONParser.java:1287) ~[fastjson-1.2.38.jar:?]
	at com.alibaba.fastjson.JSON.parse(JSON.java:139) ~[fastjson-1.2.38.jar:?]
	at com.alibaba.fastjson.JSON.parse(JSON.java:130) ~[fastjson-1.2.38.jar:?]
	at com.alibaba.fastjson.JSON.parseObject(JSON.java:206) ~[fastjson-1.2.38.jar:?]
	at com.coconason.dtf.client.core.nettyclient.protobufclient.ClientTransactionHandler.channelRead(ClientTransactionHandler.java:41) ~[classes/:?]
	at io.netty.channel.AbstractChannelHandlerContext.invokeChannelRead(AbstractChannelHandlerContext.java:362) ~[netty-all-4.1.25.Final.jar:4.1.25.Final]
	at io.netty.channel.AbstractChannelHandlerContext.invokeChannelRead(AbstractChannelHandlerContext.java:348) ~[netty-all-4.1.25.Final.jar:4.1.25.Final]
	at io.netty.channel.AbstractChannelHandlerContext.fireChannelRead(AbstractChannelHandlerContext.java:340) ~[netty-all-4.1.25.Final.jar:4.1.25.Final]
	at com.coconason.dtf.client.core.nettyclient.protobufclient.LoginAuthReqHandler.channelRead(LoginAuthReqHandler.java:33) ~[classes/:?]
	at io.netty.channel.AbstractChannelHandlerContext.invokeChannelRead(AbstractChannelHandlerContext.java:362) ~[netty-all-4.1.25.Final.jar:4.1.25.Final]
	at io.netty.channel.AbstractChannelHandlerContext.invokeChannelRead(AbstractChannelHandlerContext.java:348) ~[netty-all-4.1.25.Final.jar:4.1.25.Final]
	at io.netty.channel.AbstractChannelHandlerContext.fireChannelRead(AbstractChannelHandlerContext.java:340) ~[netty-all-4.1.25.Final.jar:4.1.25.Final]
	at io.netty.handler.timeout.IdleStateHandler.channelRead(IdleStateHandler.java:286) ~[netty-all-4.1.25.Final.jar:4.1.25.Final]
	at io.netty.channel.AbstractChannelHandlerContext.invokeChannelRead(AbstractChannelHandlerContext.java:362) ~[netty-all-4.1.25.Final.jar:4.1.25.Final]
	at io.netty.channel.AbstractChannelHandlerContext.invokeChannelRead(AbstractChannelHandlerContext.java:348) ~[netty-all-4.1.25.Final.jar:4.1.25.Final]
	at io.netty.channel.AbstractChannelHandlerContext.fireChannelRead(AbstractChannelHandlerContext.java:340) ~[netty-all-4.1.25.Final.jar:4.1.25.Final]
	at io.netty.handler.codec.MessageToMessageDecoder.channelRead(MessageToMessageDecoder.java:102) ~[netty-all-4.1.25.Final.jar:4.1.25.Final]
	at io.netty.channel.AbstractChannelHandlerContext.invokeChannelRead(AbstractChannelHandlerContext.java:362) ~[netty-all-4.1.25.Final.jar:4.1.25.Final]
	at io.netty.channel.AbstractChannelHandlerContext.invokeChannelRead(AbstractChannelHandlerContext.java:348) ~[netty-all-4.1.25.Final.jar:4.1.25.Final]
	at io.netty.channel.AbstractChannelHandlerContext.fireChannelRead(AbstractChannelHandlerContext.java:340) ~[netty-all-4.1.25.Final.jar:4.1.25.Final]
	at io.netty.handler.codec.ByteToMessageDecoder.fireChannelRead(ByteToMessageDecoder.java:310) ~[netty-all-4.1.25.Final.jar:4.1.25.Final]
	at io.netty.handler.codec.ByteToMessageDecoder.channelRead(ByteToMessageDecoder.java:284) ~[netty-all-4.1.25.Final.jar:4.1.25.Final]
	at io.netty.channel.AbstractChannelHandlerContext.invokeChannelRead(AbstractChannelHandlerContext.java:362) ~[netty-all-4.1.25.Final.jar:4.1.25.Final]
	at io.netty.channel.AbstractChannelHandlerContext.invokeChannelRead(AbstractChannelHandlerContext.java:348) ~[netty-all-4.1.25.Final.jar:4.1.25.Final]
	at io.netty.channel.AbstractChannelHandlerContext.fireChannelRead(AbstractChannelHandlerContext.java:340) ~[netty-all-4.1.25.Final.jar:4.1.25.Final]
	at io.netty.channel.DefaultChannelPipeline$HeadContext.channelRead(DefaultChannelPipeline.java:1434) ~[netty-all-4.1.25.Final.jar:4.1.25.Final]
	at io.netty.channel.AbstractChannelHandlerContext.invokeChannelRead(AbstractChannelHandlerContext.java:362) ~[netty-all-4.1.25.Final.jar:4.1.25.Final]
	at io.netty.channel.AbstractChannelHandlerContext.invokeChannelRead(AbstractChannelHandlerContext.java:348) ~[netty-all-4.1.25.Final.jar:4.1.25.Final]
	at io.netty.channel.DefaultChannelPipeline.fireChannelRead(DefaultChannelPipeline.java:965) ~[netty-all-4.1.25.Final.jar:4.1.25.Final]
	at io.netty.channel.nio.AbstractNioByteChannel$NioByteUnsafe.read(AbstractNioByteChannel.java:163) ~[netty-all-4.1.25.Final.jar:4.1.25.Final]
	at io.netty.channel.nio.NioEventLoop.processSelectedKey(NioEventLoop.java:647) ~[netty-all-4.1.25.Final.jar:4.1.25.Final]
	at io.netty.channel.nio.NioEventLoop.processSelectedKeysOptimized(NioEventLoop.java:582) ~[netty-all-4.1.25.Final.jar:4.1.25.Final]
	at io.netty.channel.nio.NioEventLoop.processSelectedKeys(NioEventLoop.java:499) ~[netty-all-4.1.25.Final.jar:4.1.25.Final]
	at io.netty.channel.nio.NioEventLoop.run(NioEventLoop.java:461) ~[netty-all-4.1.25.Final.jar:4.1.25.Final]
	at io.netty.util.concurrent.SingleThreadEventExecutor$5.run(SingleThreadEventExecutor.java:884) ~[netty-all-4.1.25.Final.jar:4.1.25.Final]
	at io.netty.util.concurrent.FastThreadLocalRunnable.run(FastThreadLocalRunnable.java:30) ~[netty-all-4.1.25.Final.jar:4.1.25.Final]
	at java.lang.Thread.run(Thread.java:748) [?:1.8.0_161]
2018-08-28 15:01:15.202 [nioEventLoopGroup-2-3] WARN  [io.netty.channel.DefaultChannelPipeline:151] [,] - An exceptionCaught() event was fired, and it reached at the tail of the pipeline. It usually means the last handler in the pipeline did not handle the exception.
io.netty.handler.timeout.ReadTimeoutException: null
2018-08-28 15:01:20.216 [nioEventLoopGroup-2-4] WARN  [io.netty.channel.DefaultChannelPipeline:151] [,] - An exceptionCaught() event was fired, and it reached at the tail of the pipeline. It usually means the last handler in the pipeline did not handle the exception.
com.alibaba.fastjson.JSONException: syntax error, pos 1, json : login_ok
	at com.alibaba.fastjson.parser.DefaultJSONParser.parse(DefaultJSONParser.java:1394) ~[fastjson-1.2.38.jar:?]
	at com.alibaba.fastjson.parser.DefaultJSONParser.parse(DefaultJSONParser.java:1287) ~[fastjson-1.2.38.jar:?]
	at com.alibaba.fastjson.JSON.parse(JSON.java:139) ~[fastjson-1.2.38.jar:?]
	at com.alibaba.fastjson.JSON.parse(JSON.java:130) ~[fastjson-1.2.38.jar:?]
	at com.alibaba.fastjson.JSON.parseObject(JSON.java:206) ~[fastjson-1.2.38.jar:?]
	at com.coconason.dtf.client.core.nettyclient.protobufclient.ClientTransactionHandler.channelRead(ClientTransactionHandler.java:41) ~[classes/:?]
	at io.netty.channel.AbstractChannelHandlerContext.invokeChannelRead(AbstractChannelHandlerContext.java:362) ~[netty-all-4.1.25.Final.jar:4.1.25.Final]
	at io.netty.channel.AbstractChannelHandlerContext.invokeChannelRead(AbstractChannelHandlerContext.java:348) ~[netty-all-4.1.25.Final.jar:4.1.25.Final]
	at io.netty.channel.AbstractChannelHandlerContext.fireChannelRead(AbstractChannelHandlerContext.java:340) ~[netty-all-4.1.25.Final.jar:4.1.25.Final]
	at com.coconason.dtf.client.core.nettyclient.protobufclient.LoginAuthReqHandler.channelRead(LoginAuthReqHandler.java:33) ~[classes/:?]
	at io.netty.channel.AbstractChannelHandlerContext.invokeChannelRead(AbstractChannelHandlerContext.java:362) ~[netty-all-4.1.25.Final.jar:4.1.25.Final]
	at io.netty.channel.AbstractChannelHandlerContext.invokeChannelRead(AbstractChannelHandlerContext.java:348) ~[netty-all-4.1.25.Final.jar:4.1.25.Final]
	at io.netty.channel.AbstractChannelHandlerContext.fireChannelRead(AbstractChannelHandlerContext.java:340) ~[netty-all-4.1.25.Final.jar:4.1.25.Final]
	at io.netty.handler.timeout.IdleStateHandler.channelRead(IdleStateHandler.java:286) ~[netty-all-4.1.25.Final.jar:4.1.25.Final]
	at io.netty.channel.AbstractChannelHandlerContext.invokeChannelRead(AbstractChannelHandlerContext.java:362) ~[netty-all-4.1.25.Final.jar:4.1.25.Final]
	at io.netty.channel.AbstractChannelHandlerContext.invokeChannelRead(AbstractChannelHandlerContext.java:348) ~[netty-all-4.1.25.Final.jar:4.1.25.Final]
	at io.netty.channel.AbstractChannelHandlerContext.fireChannelRead(AbstractChannelHandlerContext.java:340) ~[netty-all-4.1.25.Final.jar:4.1.25.Final]
	at io.netty.handler.codec.MessageToMessageDecoder.channelRead(MessageToMessageDecoder.java:102) ~[netty-all-4.1.25.Final.jar:4.1.25.Final]
	at io.netty.channel.AbstractChannelHandlerContext.invokeChannelRead(AbstractChannelHandlerContext.java:362) ~[netty-all-4.1.25.Final.jar:4.1.25.Final]
	at io.netty.channel.AbstractChannelHandlerContext.invokeChannelRead(AbstractChannelHandlerContext.java:348) ~[netty-all-4.1.25.Final.jar:4.1.25.Final]
	at io.netty.channel.AbstractChannelHandlerContext.fireChannelRead(AbstractChannelHandlerContext.java:340) ~[netty-all-4.1.25.Final.jar:4.1.25.Final]
	at io.netty.handler.codec.ByteToMessageDecoder.fireChannelRead(ByteToMessageDecoder.java:310) ~[netty-all-4.1.25.Final.jar:4.1.25.Final]
	at io.netty.handler.codec.ByteToMessageDecoder.channelRead(ByteToMessageDecoder.java:284) ~[netty-all-4.1.25.Final.jar:4.1.25.Final]
	at io.netty.channel.AbstractChannelHandlerContext.invokeChannelRead(AbstractChannelHandlerContext.java:362) ~[netty-all-4.1.25.Final.jar:4.1.25.Final]
	at io.netty.channel.AbstractChannelHandlerContext.invokeChannelRead(AbstractChannelHandlerContext.java:348) ~[netty-all-4.1.25.Final.jar:4.1.25.Final]
	at io.netty.channel.AbstractChannelHandlerContext.fireChannelRead(AbstractChannelHandlerContext.java:340) ~[netty-all-4.1.25.Final.jar:4.1.25.Final]
	at io.netty.channel.DefaultChannelPipeline$HeadContext.channelRead(DefaultChannelPipeline.java:1434) ~[netty-all-4.1.25.Final.jar:4.1.25.Final]
	at io.netty.channel.AbstractChannelHandlerContext.invokeChannelRead(AbstractChannelHandlerContext.java:362) ~[netty-all-4.1.25.Final.jar:4.1.25.Final]
	at io.netty.channel.AbstractChannelHandlerContext.invokeChannelRead(AbstractChannelHandlerContext.java:348) ~[netty-all-4.1.25.Final.jar:4.1.25.Final]
	at io.netty.channel.DefaultChannelPipeline.fireChannelRead(DefaultChannelPipeline.java:965) ~[netty-all-4.1.25.Final.jar:4.1.25.Final]
	at io.netty.channel.nio.AbstractNioByteChannel$NioByteUnsafe.read(AbstractNioByteChannel.java:163) ~[netty-all-4.1.25.Final.jar:4.1.25.Final]
	at io.netty.channel.nio.NioEventLoop.processSelectedKey(NioEventLoop.java:647) ~[netty-all-4.1.25.Final.jar:4.1.25.Final]
	at io.netty.channel.nio.NioEventLoop.processSelectedKeysOptimized(NioEventLoop.java:582) ~[netty-all-4.1.25.Final.jar:4.1.25.Final]
	at io.netty.channel.nio.NioEventLoop.processSelectedKeys(NioEventLoop.java:499) ~[netty-all-4.1.25.Final.jar:4.1.25.Final]
	at io.netty.channel.nio.NioEventLoop.run(NioEventLoop.java:461) ~[netty-all-4.1.25.Final.jar:4.1.25.Final]
	at io.netty.util.concurrent.SingleThreadEventExecutor$5.run(SingleThreadEventExecutor.java:884) ~[netty-all-4.1.25.Final.jar:4.1.25.Final]
	at io.netty.util.concurrent.FastThreadLocalRunnable.run(FastThreadLocalRunnable.java:30) ~[netty-all-4.1.25.Final.jar:4.1.25.Final]
	at java.lang.Thread.run(Thread.java:748) [?:1.8.0_161]
2018-08-28 15:02:10.216 [nioEventLoopGroup-2-4] WARN  [io.netty.channel.DefaultChannelPipeline:151] [,] - An exceptionCaught() event was fired, and it reached at the tail of the pipeline. It usually means the last handler in the pipeline did not handle the exception.
io.netty.handler.timeout.ReadTimeoutException: null
2018-08-28 15:02:15.232 [nioEventLoopGroup-2-5] WARN  [io.netty.channel.DefaultChannelPipeline:151] [,] - An exceptionCaught() event was fired, and it reached at the tail of the pipeline. It usually means the last handler in the pipeline did not handle the exception.
com.alibaba.fastjson.JSONException: syntax error, pos 1, json : login_ok
	at com.alibaba.fastjson.parser.DefaultJSONParser.parse(DefaultJSONParser.java:1394) ~[fastjson-1.2.38.jar:?]
	at com.alibaba.fastjson.parser.DefaultJSONParser.parse(DefaultJSONParser.java:1287) ~[fastjson-1.2.38.jar:?]
	at com.alibaba.fastjson.JSON.parse(JSON.java:139) ~[fastjson-1.2.38.jar:?]
	at com.alibaba.fastjson.JSON.parse(JSON.java:130) ~[fastjson-1.2.38.jar:?]
	at com.alibaba.fastjson.JSON.parseObject(JSON.java:206) ~[fastjson-1.2.38.jar:?]
	at com.coconason.dtf.client.core.nettyclient.protobufclient.ClientTransactionHandler.channelRead(ClientTransactionHandler.java:41) ~[classes/:?]
	at io.netty.channel.AbstractChannelHandlerContext.invokeChannelRead(AbstractChannelHandlerContext.java:362) ~[netty-all-4.1.25.Final.jar:4.1.25.Final]
	at io.netty.channel.AbstractChannelHandlerContext.invokeChannelRead(AbstractChannelHandlerContext.java:348) ~[netty-all-4.1.25.Final.jar:4.1.25.Final]
	at io.netty.channel.AbstractChannelHandlerContext.fireChannelRead(AbstractChannelHandlerContext.java:340) ~[netty-all-4.1.25.Final.jar:4.1.25.Final]
	at com.coconason.dtf.client.core.nettyclient.protobufclient.LoginAuthReqHandler.channelRead(LoginAuthReqHandler.java:33) ~[classes/:?]
	at io.netty.channel.AbstractChannelHandlerContext.invokeChannelRead(AbstractChannelHandlerContext.java:362) ~[netty-all-4.1.25.Final.jar:4.1.25.Final]
	at io.netty.channel.AbstractChannelHandlerContext.invokeChannelRead(AbstractChannelHandlerContext.java:348) ~[netty-all-4.1.25.Final.jar:4.1.25.Final]
	at io.netty.channel.AbstractChannelHandlerContext.fireChannelRead(AbstractChannelHandlerContext.java:340) ~[netty-all-4.1.25.Final.jar:4.1.25.Final]
	at io.netty.handler.timeout.IdleStateHandler.channelRead(IdleStateHandler.java:286) ~[netty-all-4.1.25.Final.jar:4.1.25.Final]
	at io.netty.channel.AbstractChannelHandlerContext.invokeChannelRead(AbstractChannelHandlerContext.java:362) ~[netty-all-4.1.25.Final.jar:4.1.25.Final]
	at io.netty.channel.AbstractChannelHandlerContext.invokeChannelRead(AbstractChannelHandlerContext.java:348) ~[netty-all-4.1.25.Final.jar:4.1.25.Final]
	at io.netty.channel.AbstractChannelHandlerContext.fireChannelRead(AbstractChannelHandlerContext.java:340) ~[netty-all-4.1.25.Final.jar:4.1.25.Final]
	at io.netty.handler.codec.MessageToMessageDecoder.channelRead(MessageToMessageDecoder.java:102) ~[netty-all-4.1.25.Final.jar:4.1.25.Final]
	at io.netty.channel.AbstractChannelHandlerContext.invokeChannelRead(AbstractChannelHandlerContext.java:362) ~[netty-all-4.1.25.Final.jar:4.1.25.Final]
	at io.netty.channel.AbstractChannelHandlerContext.invokeChannelRead(AbstractChannelHandlerContext.java:348) ~[netty-all-4.1.25.Final.jar:4.1.25.Final]
	at io.netty.channel.AbstractChannelHandlerContext.fireChannelRead(AbstractChannelHandlerContext.java:340) ~[netty-all-4.1.25.Final.jar:4.1.25.Final]
	at io.netty.handler.codec.ByteToMessageDecoder.fireChannelRead(ByteToMessageDecoder.java:310) ~[netty-all-4.1.25.Final.jar:4.1.25.Final]
	at io.netty.handler.codec.ByteToMessageDecoder.channelRead(ByteToMessageDecoder.java:284) ~[netty-all-4.1.25.Final.jar:4.1.25.Final]
	at io.netty.channel.AbstractChannelHandlerContext.invokeChannelRead(AbstractChannelHandlerContext.java:362) ~[netty-all-4.1.25.Final.jar:4.1.25.Final]
	at io.netty.channel.AbstractChannelHandlerContext.invokeChannelRead(AbstractChannelHandlerContext.java:348) ~[netty-all-4.1.25.Final.jar:4.1.25.Final]
	at io.netty.channel.AbstractChannelHandlerContext.fireChannelRead(AbstractChannelHandlerContext.java:340) ~[netty-all-4.1.25.Final.jar:4.1.25.Final]
	at io.netty.channel.DefaultChannelPipeline$HeadContext.channelRead(DefaultChannelPipeline.java:1434) ~[netty-all-4.1.25.Final.jar:4.1.25.Final]
	at io.netty.channel.AbstractChannelHandlerContext.invokeChannelRead(AbstractChannelHandlerContext.java:362) ~[netty-all-4.1.25.Final.jar:4.1.25.Final]
	at io.netty.channel.AbstractChannelHandlerContext.invokeChannelRead(AbstractChannelHandlerContext.java:348) ~[netty-all-4.1.25.Final.jar:4.1.25.Final]
	at io.netty.channel.DefaultChannelPipeline.fireChannelRead(DefaultChannelPipeline.java:965) ~[netty-all-4.1.25.Final.jar:4.1.25.Final]
	at io.netty.channel.nio.AbstractNioByteChannel$NioByteUnsafe.read(AbstractNioByteChannel.java:163) ~[netty-all-4.1.25.Final.jar:4.1.25.Final]
	at io.netty.channel.nio.NioEventLoop.processSelectedKey(NioEventLoop.java:647) ~[netty-all-4.1.25.Final.jar:4.1.25.Final]
	at io.netty.channel.nio.NioEventLoop.processSelectedKeysOptimized(NioEventLoop.java:582) ~[netty-all-4.1.25.Final.jar:4.1.25.Final]
	at io.netty.channel.nio.NioEventLoop.processSelectedKeys(NioEventLoop.java:499) ~[netty-all-4.1.25.Final.jar:4.1.25.Final]
	at io.netty.channel.nio.NioEventLoop.run(NioEventLoop.java:461) ~[netty-all-4.1.25.Final.jar:4.1.25.Final]
	at io.netty.util.concurrent.SingleThreadEventExecutor$5.run(SingleThreadEventExecutor.java:884) ~[netty-all-4.1.25.Final.jar:4.1.25.Final]
	at io.netty.util.concurrent.FastThreadLocalRunnable.run(FastThreadLocalRunnable.java:30) ~[netty-all-4.1.25.Final.jar:4.1.25.Final]
	at java.lang.Thread.run(Thread.java:748) [?:1.8.0_161]
2018-08-28 15:03:05.234 [nioEventLoopGroup-2-5] WARN  [io.netty.channel.DefaultChannelPipeline:151] [,] - An exceptionCaught() event was fired, and it reached at the tail of the pipeline. It usually means the last handler in the pipeline did not handle the exception.
io.netty.handler.timeout.ReadTimeoutException: null
2018-08-28 15:03:10.245 [nioEventLoopGroup-2-6] WARN  [io.netty.channel.DefaultChannelPipeline:151] [,] - An exceptionCaught() event was fired, and it reached at the tail of the pipeline. It usually means the last handler in the pipeline did not handle the exception.
com.alibaba.fastjson.JSONException: syntax error, pos 1, json : login_ok
	at com.alibaba.fastjson.parser.DefaultJSONParser.parse(DefaultJSONParser.java:1394) ~[fastjson-1.2.38.jar:?]
	at com.alibaba.fastjson.parser.DefaultJSONParser.parse(DefaultJSONParser.java:1287) ~[fastjson-1.2.38.jar:?]
	at com.alibaba.fastjson.JSON.parse(JSON.java:139) ~[fastjson-1.2.38.jar:?]
	at com.alibaba.fastjson.JSON.parse(JSON.java:130) ~[fastjson-1.2.38.jar:?]
	at com.alibaba.fastjson.JSON.parseObject(JSON.java:206) ~[fastjson-1.2.38.jar:?]
	at com.coconason.dtf.client.core.nettyclient.protobufclient.ClientTransactionHandler.channelRead(ClientTransactionHandler.java:41) ~[classes/:?]
	at io.netty.channel.AbstractChannelHandlerContext.invokeChannelRead(AbstractChannelHandlerContext.java:362) ~[netty-all-4.1.25.Final.jar:4.1.25.Final]
	at io.netty.channel.AbstractChannelHandlerContext.invokeChannelRead(AbstractChannelHandlerContext.java:348) ~[netty-all-4.1.25.Final.jar:4.1.25.Final]
	at io.netty.channel.AbstractChannelHandlerContext.fireChannelRead(AbstractChannelHandlerContext.java:340) ~[netty-all-4.1.25.Final.jar:4.1.25.Final]
	at com.coconason.dtf.client.core.nettyclient.protobufclient.LoginAuthReqHandler.channelRead(LoginAuthReqHandler.java:33) ~[classes/:?]
	at io.netty.channel.AbstractChannelHandlerContext.invokeChannelRead(AbstractChannelHandlerContext.java:362) ~[netty-all-4.1.25.Final.jar:4.1.25.Final]
	at io.netty.channel.AbstractChannelHandlerContext.invokeChannelRead(AbstractChannelHandlerContext.java:348) ~[netty-all-4.1.25.Final.jar:4.1.25.Final]
	at io.netty.channel.AbstractChannelHandlerContext.fireChannelRead(AbstractChannelHandlerContext.java:340) ~[netty-all-4.1.25.Final.jar:4.1.25.Final]
	at io.netty.handler.timeout.IdleStateHandler.channelRead(IdleStateHandler.java:286) ~[netty-all-4.1.25.Final.jar:4.1.25.Final]
	at io.netty.channel.AbstractChannelHandlerContext.invokeChannelRead(AbstractChannelHandlerContext.java:362) ~[netty-all-4.1.25.Final.jar:4.1.25.Final]
	at io.netty.channel.AbstractChannelHandlerContext.invokeChannelRead(AbstractChannelHandlerContext.java:348) ~[netty-all-4.1.25.Final.jar:4.1.25.Final]
	at io.netty.channel.AbstractChannelHandlerContext.fireChannelRead(AbstractChannelHandlerContext.java:340) ~[netty-all-4.1.25.Final.jar:4.1.25.Final]
	at io.netty.handler.codec.MessageToMessageDecoder.channelRead(MessageToMessageDecoder.java:102) ~[netty-all-4.1.25.Final.jar:4.1.25.Final]
	at io.netty.channel.AbstractChannelHandlerContext.invokeChannelRead(AbstractChannelHandlerContext.java:362) ~[netty-all-4.1.25.Final.jar:4.1.25.Final]
	at io.netty.channel.AbstractChannelHandlerContext.invokeChannelRead(AbstractChannelHandlerContext.java:348) ~[netty-all-4.1.25.Final.jar:4.1.25.Final]
	at io.netty.channel.AbstractChannelHandlerContext.fireChannelRead(AbstractChannelHandlerContext.java:340) ~[netty-all-4.1.25.Final.jar:4.1.25.Final]
	at io.netty.handler.codec.ByteToMessageDecoder.fireChannelRead(ByteToMessageDecoder.java:310) ~[netty-all-4.1.25.Final.jar:4.1.25.Final]
	at io.netty.handler.codec.ByteToMessageDecoder.channelRead(ByteToMessageDecoder.java:284) ~[netty-all-4.1.25.Final.jar:4.1.25.Final]
	at io.netty.channel.AbstractChannelHandlerContext.invokeChannelRead(AbstractChannelHandlerContext.java:362) ~[netty-all-4.1.25.Final.jar:4.1.25.Final]
	at io.netty.channel.AbstractChannelHandlerContext.invokeChannelRead(AbstractChannelHandlerContext.java:348) ~[netty-all-4.1.25.Final.jar:4.1.25.Final]
	at io.netty.channel.AbstractChannelHandlerContext.fireChannelRead(AbstractChannelHandlerContext.java:340) ~[netty-all-4.1.25.Final.jar:4.1.25.Final]
	at io.netty.channel.DefaultChannelPipeline$HeadContext.channelRead(DefaultChannelPipeline.java:1434) ~[netty-all-4.1.25.Final.jar:4.1.25.Final]
	at io.netty.channel.AbstractChannelHandlerContext.invokeChannelRead(AbstractChannelHandlerContext.java:362) ~[netty-all-4.1.25.Final.jar:4.1.25.Final]
	at io.netty.channel.AbstractChannelHandlerContext.invokeChannelRead(AbstractChannelHandlerContext.java:348) ~[netty-all-4.1.25.Final.jar:4.1.25.Final]
	at io.netty.channel.DefaultChannelPipeline.fireChannelRead(DefaultChannelPipeline.java:965) ~[netty-all-4.1.25.Final.jar:4.1.25.Final]
	at io.netty.channel.nio.AbstractNioByteChannel$NioByteUnsafe.read(AbstractNioByteChannel.java:163) ~[netty-all-4.1.25.Final.jar:4.1.25.Final]
	at io.netty.channel.nio.NioEventLoop.processSelectedKey(NioEventLoop.java:647) ~[netty-all-4.1.25.Final.jar:4.1.25.Final]
	at io.netty.channel.nio.NioEventLoop.processSelectedKeysOptimized(NioEventLoop.java:582) ~[netty-all-4.1.25.Final.jar:4.1.25.Final]
	at io.netty.channel.nio.NioEventLoop.processSelectedKeys(NioEventLoop.java:499) ~[netty-all-4.1.25.Final.jar:4.1.25.Final]
	at io.netty.channel.nio.NioEventLoop.run(NioEventLoop.java:461) ~[netty-all-4.1.25.Final.jar:4.1.25.Final]
	at io.netty.util.concurrent.SingleThreadEventExecutor$5.run(SingleThreadEventExecutor.java:884) ~[netty-all-4.1.25.Final.jar:4.1.25.Final]
	at io.netty.util.concurrent.FastThreadLocalRunnable.run(FastThreadLocalRunnable.java:30) ~[netty-all-4.1.25.Final.jar:4.1.25.Final]
	at java.lang.Thread.run(Thread.java:748) [?:1.8.0_161]
2018-08-28 15:04:00.245 [nioEventLoopGroup-2-6] WARN  [io.netty.channel.DefaultChannelPipeline:151] [,] - An exceptionCaught() event was fired, and it reached at the tail of the pipeline. It usually means the last handler in the pipeline did not handle the exception.
io.netty.handler.timeout.ReadTimeoutException: null
2018-08-28 15:04:05.252 [nioEventLoopGroup-2-7] WARN  [io.netty.channel.DefaultChannelPipeline:151] [,] - An exceptionCaught() event was fired, and it reached at the tail of the pipeline. It usually means the last handler in the pipeline did not handle the exception.
com.alibaba.fastjson.JSONException: syntax error, pos 1, json : login_ok
	at com.alibaba.fastjson.parser.DefaultJSONParser.parse(DefaultJSONParser.java:1394) ~[fastjson-1.2.38.jar:?]
	at com.alibaba.fastjson.parser.DefaultJSONParser.parse(DefaultJSONParser.java:1287) ~[fastjson-1.2.38.jar:?]
	at com.alibaba.fastjson.JSON.parse(JSON.java:139) ~[fastjson-1.2.38.jar:?]
	at com.alibaba.fastjson.JSON.parse(JSON.java:130) ~[fastjson-1.2.38.jar:?]
	at com.alibaba.fastjson.JSON.parseObject(JSON.java:206) ~[fastjson-1.2.38.jar:?]
	at com.coconason.dtf.client.core.nettyclient.protobufclient.ClientTransactionHandler.channelRead(ClientTransactionHandler.java:41) ~[classes/:?]
	at io.netty.channel.AbstractChannelHandlerContext.invokeChannelRead(AbstractChannelHandlerContext.java:362) ~[netty-all-4.1.25.Final.jar:4.1.25.Final]
	at io.netty.channel.AbstractChannelHandlerContext.invokeChannelRead(AbstractChannelHandlerContext.java:348) ~[netty-all-4.1.25.Final.jar:4.1.25.Final]
	at io.netty.channel.AbstractChannelHandlerContext.fireChannelRead(AbstractChannelHandlerContext.java:340) ~[netty-all-4.1.25.Final.jar:4.1.25.Final]
	at com.coconason.dtf.client.core.nettyclient.protobufclient.LoginAuthReqHandler.channelRead(LoginAuthReqHandler.java:33) ~[classes/:?]
	at io.netty.channel.AbstractChannelHandlerContext.invokeChannelRead(AbstractChannelHandlerContext.java:362) ~[netty-all-4.1.25.Final.jar:4.1.25.Final]
	at io.netty.channel.AbstractChannelHandlerContext.invokeChannelRead(AbstractChannelHandlerContext.java:348) ~[netty-all-4.1.25.Final.jar:4.1.25.Final]
	at io.netty.channel.AbstractChannelHandlerContext.fireChannelRead(AbstractChannelHandlerContext.java:340) ~[netty-all-4.1.25.Final.jar:4.1.25.Final]
	at io.netty.handler.timeout.IdleStateHandler.channelRead(IdleStateHandler.java:286) ~[netty-all-4.1.25.Final.jar:4.1.25.Final]
	at io.netty.channel.AbstractChannelHandlerContext.invokeChannelRead(AbstractChannelHandlerContext.java:362) ~[netty-all-4.1.25.Final.jar:4.1.25.Final]
	at io.netty.channel.AbstractChannelHandlerContext.invokeChannelRead(AbstractChannelHandlerContext.java:348) ~[netty-all-4.1.25.Final.jar:4.1.25.Final]
	at io.netty.channel.AbstractChannelHandlerContext.fireChannelRead(AbstractChannelHandlerContext.java:340) ~[netty-all-4.1.25.Final.jar:4.1.25.Final]
	at io.netty.handler.codec.MessageToMessageDecoder.channelRead(MessageToMessageDecoder.java:102) ~[netty-all-4.1.25.Final.jar:4.1.25.Final]
	at io.netty.channel.AbstractChannelHandlerContext.invokeChannelRead(AbstractChannelHandlerContext.java:362) ~[netty-all-4.1.25.Final.jar:4.1.25.Final]
	at io.netty.channel.AbstractChannelHandlerContext.invokeChannelRead(AbstractChannelHandlerContext.java:348) ~[netty-all-4.1.25.Final.jar:4.1.25.Final]
	at io.netty.channel.AbstractChannelHandlerContext.fireChannelRead(AbstractChannelHandlerContext.java:340) ~[netty-all-4.1.25.Final.jar:4.1.25.Final]
	at io.netty.handler.codec.ByteToMessageDecoder.fireChannelRead(ByteToMessageDecoder.java:310) ~[netty-all-4.1.25.Final.jar:4.1.25.Final]
	at io.netty.handler.codec.ByteToMessageDecoder.channelRead(ByteToMessageDecoder.java:284) ~[netty-all-4.1.25.Final.jar:4.1.25.Final]
	at io.netty.channel.AbstractChannelHandlerContext.invokeChannelRead(AbstractChannelHandlerContext.java:362) ~[netty-all-4.1.25.Final.jar:4.1.25.Final]
	at io.netty.channel.AbstractChannelHandlerContext.invokeChannelRead(AbstractChannelHandlerContext.java:348) ~[netty-all-4.1.25.Final.jar:4.1.25.Final]
	at io.netty.channel.AbstractChannelHandlerContext.fireChannelRead(AbstractChannelHandlerContext.java:340) ~[netty-all-4.1.25.Final.jar:4.1.25.Final]
	at io.netty.channel.DefaultChannelPipeline$HeadContext.channelRead(DefaultChannelPipeline.java:1434) ~[netty-all-4.1.25.Final.jar:4.1.25.Final]
	at io.netty.channel.AbstractChannelHandlerContext.invokeChannelRead(AbstractChannelHandlerContext.java:362) ~[netty-all-4.1.25.Final.jar:4.1.25.Final]
	at io.netty.channel.AbstractChannelHandlerContext.invokeChannelRead(AbstractChannelHandlerContext.java:348) ~[netty-all-4.1.25.Final.jar:4.1.25.Final]
	at io.netty.channel.DefaultChannelPipeline.fireChannelRead(DefaultChannelPipeline.java:965) ~[netty-all-4.1.25.Final.jar:4.1.25.Final]
	at io.netty.channel.nio.AbstractNioByteChannel$NioByteUnsafe.read(AbstractNioByteChannel.java:163) ~[netty-all-4.1.25.Final.jar:4.1.25.Final]
	at io.netty.channel.nio.NioEventLoop.processSelectedKey(NioEventLoop.java:647) ~[netty-all-4.1.25.Final.jar:4.1.25.Final]
	at io.netty.channel.nio.NioEventLoop.processSelectedKeysOptimized(NioEventLoop.java:582) ~[netty-all-4.1.25.Final.jar:4.1.25.Final]
	at io.netty.channel.nio.NioEventLoop.processSelectedKeys(NioEventLoop.java:499) ~[netty-all-4.1.25.Final.jar:4.1.25.Final]
	at io.netty.channel.nio.NioEventLoop.run(NioEventLoop.java:461) ~[netty-all-4.1.25.Final.jar:4.1.25.Final]
	at io.netty.util.concurrent.SingleThreadEventExecutor$5.run(SingleThreadEventExecutor.java:884) ~[netty-all-4.1.25.Final.jar:4.1.25.Final]
	at io.netty.util.concurrent.FastThreadLocalRunnable.run(FastThreadLocalRunnable.java:30) ~[netty-all-4.1.25.Final.jar:4.1.25.Final]
	at java.lang.Thread.run(Thread.java:748) [?:1.8.0_161]
2018-08-28 15:04:55.253 [nioEventLoopGroup-2-7] WARN  [io.netty.channel.DefaultChannelPipeline:151] [,] - An exceptionCaught() event was fired, and it reached at the tail of the pipeline. It usually means the last handler in the pipeline did not handle the exception.
io.netty.handler.timeout.ReadTimeoutException: null
2018-08-28 15:05:00.268 [nioEventLoopGroup-2-8] WARN  [io.netty.channel.DefaultChannelPipeline:151] [,] - An exceptionCaught() event was fired, and it reached at the tail of the pipeline. It usually means the last handler in the pipeline did not handle the exception.
com.alibaba.fastjson.JSONException: syntax error, pos 1, json : login_ok
	at com.alibaba.fastjson.parser.DefaultJSONParser.parse(DefaultJSONParser.java:1394) ~[fastjson-1.2.38.jar:?]
	at com.alibaba.fastjson.parser.DefaultJSONParser.parse(DefaultJSONParser.java:1287) ~[fastjson-1.2.38.jar:?]
	at com.alibaba.fastjson.JSON.parse(JSON.java:139) ~[fastjson-1.2.38.jar:?]
	at com.alibaba.fastjson.JSON.parse(JSON.java:130) ~[fastjson-1.2.38.jar:?]
	at com.alibaba.fastjson.JSON.parseObject(JSON.java:206) ~[fastjson-1.2.38.jar:?]
	at com.coconason.dtf.client.core.nettyclient.protobufclient.ClientTransactionHandler.channelRead(ClientTransactionHandler.java:41) ~[classes/:?]
	at io.netty.channel.AbstractChannelHandlerContext.invokeChannelRead(AbstractChannelHandlerContext.java:362) ~[netty-all-4.1.25.Final.jar:4.1.25.Final]
	at io.netty.channel.AbstractChannelHandlerContext.invokeChannelRead(AbstractChannelHandlerContext.java:348) ~[netty-all-4.1.25.Final.jar:4.1.25.Final]
	at io.netty.channel.AbstractChannelHandlerContext.fireChannelRead(AbstractChannelHandlerContext.java:340) ~[netty-all-4.1.25.Final.jar:4.1.25.Final]
	at com.coconason.dtf.client.core.nettyclient.protobufclient.LoginAuthReqHandler.channelRead(LoginAuthReqHandler.java:33) ~[classes/:?]
	at io.netty.channel.AbstractChannelHandlerContext.invokeChannelRead(AbstractChannelHandlerContext.java:362) ~[netty-all-4.1.25.Final.jar:4.1.25.Final]
	at io.netty.channel.AbstractChannelHandlerContext.invokeChannelRead(AbstractChannelHandlerContext.java:348) ~[netty-all-4.1.25.Final.jar:4.1.25.Final]
	at io.netty.channel.AbstractChannelHandlerContext.fireChannelRead(AbstractChannelHandlerContext.java:340) ~[netty-all-4.1.25.Final.jar:4.1.25.Final]
	at io.netty.handler.timeout.IdleStateHandler.channelRead(IdleStateHandler.java:286) ~[netty-all-4.1.25.Final.jar:4.1.25.Final]
	at io.netty.channel.AbstractChannelHandlerContext.invokeChannelRead(AbstractChannelHandlerContext.java:362) ~[netty-all-4.1.25.Final.jar:4.1.25.Final]
	at io.netty.channel.AbstractChannelHandlerContext.invokeChannelRead(AbstractChannelHandlerContext.java:348) ~[netty-all-4.1.25.Final.jar:4.1.25.Final]
	at io.netty.channel.AbstractChannelHandlerContext.fireChannelRead(AbstractChannelHandlerContext.java:340) ~[netty-all-4.1.25.Final.jar:4.1.25.Final]
	at io.netty.handler.codec.MessageToMessageDecoder.channelRead(MessageToMessageDecoder.java:102) ~[netty-all-4.1.25.Final.jar:4.1.25.Final]
	at io.netty.channel.AbstractChannelHandlerContext.invokeChannelRead(AbstractChannelHandlerContext.java:362) ~[netty-all-4.1.25.Final.jar:4.1.25.Final]
	at io.netty.channel.AbstractChannelHandlerContext.invokeChannelRead(AbstractChannelHandlerContext.java:348) ~[netty-all-4.1.25.Final.jar:4.1.25.Final]
	at io.netty.channel.AbstractChannelHandlerContext.fireChannelRead(AbstractChannelHandlerContext.java:340) ~[netty-all-4.1.25.Final.jar:4.1.25.Final]
	at io.netty.handler.codec.ByteToMessageDecoder.fireChannelRead(ByteToMessageDecoder.java:310) ~[netty-all-4.1.25.Final.jar:4.1.25.Final]
	at io.netty.handler.codec.ByteToMessageDecoder.channelRead(ByteToMessageDecoder.java:284) ~[netty-all-4.1.25.Final.jar:4.1.25.Final]
	at io.netty.channel.AbstractChannelHandlerContext.invokeChannelRead(AbstractChannelHandlerContext.java:362) ~[netty-all-4.1.25.Final.jar:4.1.25.Final]
	at io.netty.channel.AbstractChannelHandlerContext.invokeChannelRead(AbstractChannelHandlerContext.java:348) ~[netty-all-4.1.25.Final.jar:4.1.25.Final]
	at io.netty.channel.AbstractChannelHandlerContext.fireChannelRead(AbstractChannelHandlerContext.java:340) ~[netty-all-4.1.25.Final.jar:4.1.25.Final]
	at io.netty.channel.DefaultChannelPipeline$HeadContext.channelRead(DefaultChannelPipeline.java:1434) ~[netty-all-4.1.25.Final.jar:4.1.25.Final]
	at io.netty.channel.AbstractChannelHandlerContext.invokeChannelRead(AbstractChannelHandlerContext.java:362) ~[netty-all-4.1.25.Final.jar:4.1.25.Final]
	at io.netty.channel.AbstractChannelHandlerContext.invokeChannelRead(AbstractChannelHandlerContext.java:348) ~[netty-all-4.1.25.Final.jar:4.1.25.Final]
	at io.netty.channel.DefaultChannelPipeline.fireChannelRead(DefaultChannelPipeline.java:965) ~[netty-all-4.1.25.Final.jar:4.1.25.Final]
	at io.netty.channel.nio.AbstractNioByteChannel$NioByteUnsafe.read(AbstractNioByteChannel.java:163) ~[netty-all-4.1.25.Final.jar:4.1.25.Final]
	at io.netty.channel.nio.NioEventLoop.processSelectedKey(NioEventLoop.java:647) ~[netty-all-4.1.25.Final.jar:4.1.25.Final]
	at io.netty.channel.nio.NioEventLoop.processSelectedKeysOptimized(NioEventLoop.java:582) ~[netty-all-4.1.25.Final.jar:4.1.25.Final]
	at io.netty.channel.nio.NioEventLoop.processSelectedKeys(NioEventLoop.java:499) ~[netty-all-4.1.25.Final.jar:4.1.25.Final]
	at io.netty.channel.nio.NioEventLoop.run(NioEventLoop.java:461) ~[netty-all-4.1.25.Final.jar:4.1.25.Final]
	at io.netty.util.concurrent.SingleThreadEventExecutor$5.run(SingleThreadEventExecutor.java:884) ~[netty-all-4.1.25.Final.jar:4.1.25.Final]
	at io.netty.util.concurrent.FastThreadLocalRunnable.run(FastThreadLocalRunnable.java:30) ~[netty-all-4.1.25.Final.jar:4.1.25.Final]
	at java.lang.Thread.run(Thread.java:748) [?:1.8.0_161]
2018-08-28 15:05:34.630 [nioEventLoopGroup-2-1] WARN  [io.netty.channel.DefaultChannelPipeline:151] [,] - An exceptionCaught() event was fired, and it reached at the tail of the pipeline. It usually means the last handler in the pipeline did not handle the exception.
com.alibaba.fastjson.JSONException: syntax error, pos 1, json : login_ok
	at com.alibaba.fastjson.parser.DefaultJSONParser.parse(DefaultJSONParser.java:1394) ~[fastjson-1.2.38.jar:?]
	at com.alibaba.fastjson.parser.DefaultJSONParser.parse(DefaultJSONParser.java:1287) ~[fastjson-1.2.38.jar:?]
	at com.alibaba.fastjson.JSON.parse(JSON.java:139) ~[fastjson-1.2.38.jar:?]
	at com.alibaba.fastjson.JSON.parse(JSON.java:130) ~[fastjson-1.2.38.jar:?]
	at com.alibaba.fastjson.JSON.parseObject(JSON.java:206) ~[fastjson-1.2.38.jar:?]
	at com.coconason.dtf.client.core.nettyclient.protobufclient.ClientTransactionHandler.channelRead(ClientTransactionHandler.java:41) ~[classes/:?]
	at io.netty.channel.AbstractChannelHandlerContext.invokeChannelRead(AbstractChannelHandlerContext.java:362) ~[netty-all-4.1.25.Final.jar:4.1.25.Final]
	at io.netty.channel.AbstractChannelHandlerContext.invokeChannelRead(AbstractChannelHandlerContext.java:348) ~[netty-all-4.1.25.Final.jar:4.1.25.Final]
	at io.netty.channel.AbstractChannelHandlerContext.fireChannelRead(AbstractChannelHandlerContext.java:340) ~[netty-all-4.1.25.Final.jar:4.1.25.Final]
	at com.coconason.dtf.client.core.nettyclient.protobufclient.LoginAuthReqHandler.channelRead(LoginAuthReqHandler.java:33) ~[classes/:?]
	at io.netty.channel.AbstractChannelHandlerContext.invokeChannelRead(AbstractChannelHandlerContext.java:362) ~[netty-all-4.1.25.Final.jar:4.1.25.Final]
	at io.netty.channel.AbstractChannelHandlerContext.invokeChannelRead(AbstractChannelHandlerContext.java:348) ~[netty-all-4.1.25.Final.jar:4.1.25.Final]
	at io.netty.channel.AbstractChannelHandlerContext.fireChannelRead(AbstractChannelHandlerContext.java:340) ~[netty-all-4.1.25.Final.jar:4.1.25.Final]
	at io.netty.handler.timeout.IdleStateHandler.channelRead(IdleStateHandler.java:286) ~[netty-all-4.1.25.Final.jar:4.1.25.Final]
	at io.netty.channel.AbstractChannelHandlerContext.invokeChannelRead(AbstractChannelHandlerContext.java:362) ~[netty-all-4.1.25.Final.jar:4.1.25.Final]
	at io.netty.channel.AbstractChannelHandlerContext.invokeChannelRead(AbstractChannelHandlerContext.java:348) ~[netty-all-4.1.25.Final.jar:4.1.25.Final]
	at io.netty.channel.AbstractChannelHandlerContext.fireChannelRead(AbstractChannelHandlerContext.java:340) ~[netty-all-4.1.25.Final.jar:4.1.25.Final]
	at io.netty.handler.codec.MessageToMessageDecoder.channelRead(MessageToMessageDecoder.java:102) ~[netty-all-4.1.25.Final.jar:4.1.25.Final]
	at io.netty.channel.AbstractChannelHandlerContext.invokeChannelRead(AbstractChannelHandlerContext.java:362) ~[netty-all-4.1.25.Final.jar:4.1.25.Final]
	at io.netty.channel.AbstractChannelHandlerContext.invokeChannelRead(AbstractChannelHandlerContext.java:348) ~[netty-all-4.1.25.Final.jar:4.1.25.Final]
	at io.netty.channel.AbstractChannelHandlerContext.fireChannelRead(AbstractChannelHandlerContext.java:340) ~[netty-all-4.1.25.Final.jar:4.1.25.Final]
	at io.netty.handler.codec.ByteToMessageDecoder.fireChannelRead(ByteToMessageDecoder.java:310) ~[netty-all-4.1.25.Final.jar:4.1.25.Final]
	at io.netty.handler.codec.ByteToMessageDecoder.channelRead(ByteToMessageDecoder.java:284) ~[netty-all-4.1.25.Final.jar:4.1.25.Final]
	at io.netty.channel.AbstractChannelHandlerContext.invokeChannelRead(AbstractChannelHandlerContext.java:362) ~[netty-all-4.1.25.Final.jar:4.1.25.Final]
	at io.netty.channel.AbstractChannelHandlerContext.invokeChannelRead(AbstractChannelHandlerContext.java:348) ~[netty-all-4.1.25.Final.jar:4.1.25.Final]
	at io.netty.channel.AbstractChannelHandlerContext.fireChannelRead(AbstractChannelHandlerContext.java:340) ~[netty-all-4.1.25.Final.jar:4.1.25.Final]
	at io.netty.channel.DefaultChannelPipeline$HeadContext.channelRead(DefaultChannelPipeline.java:1434) ~[netty-all-4.1.25.Final.jar:4.1.25.Final]
	at io.netty.channel.AbstractChannelHandlerContext.invokeChannelRead(AbstractChannelHandlerContext.java:362) ~[netty-all-4.1.25.Final.jar:4.1.25.Final]
	at io.netty.channel.AbstractChannelHandlerContext.invokeChannelRead(AbstractChannelHandlerContext.java:348) ~[netty-all-4.1.25.Final.jar:4.1.25.Final]
	at io.netty.channel.DefaultChannelPipeline.fireChannelRead(DefaultChannelPipeline.java:965) ~[netty-all-4.1.25.Final.jar:4.1.25.Final]
	at io.netty.channel.nio.AbstractNioByteChannel$NioByteUnsafe.read(AbstractNioByteChannel.java:163) ~[netty-all-4.1.25.Final.jar:4.1.25.Final]
	at io.netty.channel.nio.NioEventLoop.processSelectedKey(NioEventLoop.java:647) ~[netty-all-4.1.25.Final.jar:4.1.25.Final]
	at io.netty.channel.nio.NioEventLoop.processSelectedKeysOptimized(NioEventLoop.java:582) ~[netty-all-4.1.25.Final.jar:4.1.25.Final]
	at io.netty.channel.nio.NioEventLoop.processSelectedKeys(NioEventLoop.java:499) ~[netty-all-4.1.25.Final.jar:4.1.25.Final]
	at io.netty.channel.nio.NioEventLoop.run(NioEventLoop.java:461) ~[netty-all-4.1.25.Final.jar:4.1.25.Final]
	at io.netty.util.concurrent.SingleThreadEventExecutor$5.run(SingleThreadEventExecutor.java:884) ~[netty-all-4.1.25.Final.jar:4.1.25.Final]
	at io.netty.util.concurrent.FastThreadLocalRunnable.run(FastThreadLocalRunnable.java:30) ~[netty-all-4.1.25.Final.jar:4.1.25.Final]
	at java.lang.Thread.run(Thread.java:748) [?:1.8.0_161]
2018-08-28 15:06:29.546 [nioEventLoopGroup-2-2] WARN  [io.netty.channel.DefaultChannelPipeline:151] [,] - An exceptionCaught() event was fired, and it reached at the tail of the pipeline. It usually means the last handler in the pipeline did not handle the exception.
com.alibaba.fastjson.JSONException: syntax error, pos 1, json : login_ok
	at com.alibaba.fastjson.parser.DefaultJSONParser.parse(DefaultJSONParser.java:1394) ~[fastjson-1.2.38.jar:?]
	at com.alibaba.fastjson.parser.DefaultJSONParser.parse(DefaultJSONParser.java:1287) ~[fastjson-1.2.38.jar:?]
	at com.alibaba.fastjson.JSON.parse(JSON.java:139) ~[fastjson-1.2.38.jar:?]
	at com.alibaba.fastjson.JSON.parse(JSON.java:130) ~[fastjson-1.2.38.jar:?]
	at com.alibaba.fastjson.JSON.parseObject(JSON.java:206) ~[fastjson-1.2.38.jar:?]
	at com.coconason.dtf.client.core.nettyclient.protobufclient.ClientTransactionHandler.channelRead(ClientTransactionHandler.java:41) ~[classes/:?]
	at io.netty.channel.AbstractChannelHandlerContext.invokeChannelRead(AbstractChannelHandlerContext.java:362) ~[netty-all-4.1.25.Final.jar:4.1.25.Final]
	at io.netty.channel.AbstractChannelHandlerContext.invokeChannelRead(AbstractChannelHandlerContext.java:348) ~[netty-all-4.1.25.Final.jar:4.1.25.Final]
	at io.netty.channel.AbstractChannelHandlerContext.fireChannelRead(AbstractChannelHandlerContext.java:340) ~[netty-all-4.1.25.Final.jar:4.1.25.Final]
	at com.coconason.dtf.client.core.nettyclient.protobufclient.LoginAuthReqHandler.channelRead(LoginAuthReqHandler.java:33) ~[classes/:?]
	at io.netty.channel.AbstractChannelHandlerContext.invokeChannelRead(AbstractChannelHandlerContext.java:362) ~[netty-all-4.1.25.Final.jar:4.1.25.Final]
	at io.netty.channel.AbstractChannelHandlerContext.invokeChannelRead(AbstractChannelHandlerContext.java:348) ~[netty-all-4.1.25.Final.jar:4.1.25.Final]
	at io.netty.channel.AbstractChannelHandlerContext.fireChannelRead(AbstractChannelHandlerContext.java:340) ~[netty-all-4.1.25.Final.jar:4.1.25.Final]
	at io.netty.handler.timeout.IdleStateHandler.channelRead(IdleStateHandler.java:286) ~[netty-all-4.1.25.Final.jar:4.1.25.Final]
	at io.netty.channel.AbstractChannelHandlerContext.invokeChannelRead(AbstractChannelHandlerContext.java:362) ~[netty-all-4.1.25.Final.jar:4.1.25.Final]
	at io.netty.channel.AbstractChannelHandlerContext.invokeChannelRead(AbstractChannelHandlerContext.java:348) ~[netty-all-4.1.25.Final.jar:4.1.25.Final]
	at io.netty.channel.AbstractChannelHandlerContext.fireChannelRead(AbstractChannelHandlerContext.java:340) ~[netty-all-4.1.25.Final.jar:4.1.25.Final]
	at io.netty.handler.codec.MessageToMessageDecoder.channelRead(MessageToMessageDecoder.java:102) ~[netty-all-4.1.25.Final.jar:4.1.25.Final]
	at io.netty.channel.AbstractChannelHandlerContext.invokeChannelRead(AbstractChannelHandlerContext.java:362) ~[netty-all-4.1.25.Final.jar:4.1.25.Final]
	at io.netty.channel.AbstractChannelHandlerContext.invokeChannelRead(AbstractChannelHandlerContext.java:348) ~[netty-all-4.1.25.Final.jar:4.1.25.Final]
	at io.netty.channel.AbstractChannelHandlerContext.fireChannelRead(AbstractChannelHandlerContext.java:340) ~[netty-all-4.1.25.Final.jar:4.1.25.Final]
	at io.netty.handler.codec.ByteToMessageDecoder.fireChannelRead(ByteToMessageDecoder.java:310) ~[netty-all-4.1.25.Final.jar:4.1.25.Final]
	at io.netty.handler.codec.ByteToMessageDecoder.channelRead(ByteToMessageDecoder.java:284) ~[netty-all-4.1.25.Final.jar:4.1.25.Final]
	at io.netty.channel.AbstractChannelHandlerContext.invokeChannelRead(AbstractChannelHandlerContext.java:362) ~[netty-all-4.1.25.Final.jar:4.1.25.Final]
	at io.netty.channel.AbstractChannelHandlerContext.invokeChannelRead(AbstractChannelHandlerContext.java:348) ~[netty-all-4.1.25.Final.jar:4.1.25.Final]
	at io.netty.channel.AbstractChannelHandlerContext.fireChannelRead(AbstractChannelHandlerContext.java:340) ~[netty-all-4.1.25.Final.jar:4.1.25.Final]
	at io.netty.channel.DefaultChannelPipeline$HeadContext.channelRead(DefaultChannelPipeline.java:1434) ~[netty-all-4.1.25.Final.jar:4.1.25.Final]
	at io.netty.channel.AbstractChannelHandlerContext.invokeChannelRead(AbstractChannelHandlerContext.java:362) ~[netty-all-4.1.25.Final.jar:4.1.25.Final]
	at io.netty.channel.AbstractChannelHandlerContext.invokeChannelRead(AbstractChannelHandlerContext.java:348) ~[netty-all-4.1.25.Final.jar:4.1.25.Final]
	at io.netty.channel.DefaultChannelPipeline.fireChannelRead(DefaultChannelPipeline.java:965) ~[netty-all-4.1.25.Final.jar:4.1.25.Final]
	at io.netty.channel.nio.AbstractNioByteChannel$NioByteUnsafe.read(AbstractNioByteChannel.java:163) ~[netty-all-4.1.25.Final.jar:4.1.25.Final]
	at io.netty.channel.nio.NioEventLoop.processSelectedKey(NioEventLoop.java:647) ~[netty-all-4.1.25.Final.jar:4.1.25.Final]
	at io.netty.channel.nio.NioEventLoop.processSelectedKeysOptimized(NioEventLoop.java:582) ~[netty-all-4.1.25.Final.jar:4.1.25.Final]
	at io.netty.channel.nio.NioEventLoop.processSelectedKeys(NioEventLoop.java:499) ~[netty-all-4.1.25.Final.jar:4.1.25.Final]
	at io.netty.channel.nio.NioEventLoop.run(NioEventLoop.java:461) ~[netty-all-4.1.25.Final.jar:4.1.25.Final]
	at io.netty.util.concurrent.SingleThreadEventExecutor$5.run(SingleThreadEventExecutor.java:884) ~[netty-all-4.1.25.Final.jar:4.1.25.Final]
	at io.netty.util.concurrent.FastThreadLocalRunnable.run(FastThreadLocalRunnable.java:30) ~[netty-all-4.1.25.Final.jar:4.1.25.Final]
	at java.lang.Thread.run(Thread.java:748) [?:1.8.0_161]
2018-08-28 15:07:19.550 [nioEventLoopGroup-2-2] WARN  [io.netty.channel.DefaultChannelPipeline:151] [,] - An exceptionCaught() event was fired, and it reached at the tail of the pipeline. It usually means the last handler in the pipeline did not handle the exception.
io.netty.handler.timeout.ReadTimeoutException: null
2018-08-28 15:07:24.562 [nioEventLoopGroup-2-3] WARN  [io.netty.channel.DefaultChannelPipeline:151] [,] - An exceptionCaught() event was fired, and it reached at the tail of the pipeline. It usually means the last handler in the pipeline did not handle the exception.
com.alibaba.fastjson.JSONException: syntax error, pos 1, json : login_ok
	at com.alibaba.fastjson.parser.DefaultJSONParser.parse(DefaultJSONParser.java:1394) ~[fastjson-1.2.38.jar:?]
	at com.alibaba.fastjson.parser.DefaultJSONParser.parse(DefaultJSONParser.java:1287) ~[fastjson-1.2.38.jar:?]
	at com.alibaba.fastjson.JSON.parse(JSON.java:139) ~[fastjson-1.2.38.jar:?]
	at com.alibaba.fastjson.JSON.parse(JSON.java:130) ~[fastjson-1.2.38.jar:?]
	at com.alibaba.fastjson.JSON.parseObject(JSON.java:206) ~[fastjson-1.2.38.jar:?]
	at com.coconason.dtf.client.core.nettyclient.protobufclient.ClientTransactionHandler.channelRead(ClientTransactionHandler.java:41) ~[classes/:?]
	at io.netty.channel.AbstractChannelHandlerContext.invokeChannelRead(AbstractChannelHandlerContext.java:362) ~[netty-all-4.1.25.Final.jar:4.1.25.Final]
	at io.netty.channel.AbstractChannelHandlerContext.invokeChannelRead(AbstractChannelHandlerContext.java:348) ~[netty-all-4.1.25.Final.jar:4.1.25.Final]
	at io.netty.channel.AbstractChannelHandlerContext.fireChannelRead(AbstractChannelHandlerContext.java:340) ~[netty-all-4.1.25.Final.jar:4.1.25.Final]
	at com.coconason.dtf.client.core.nettyclient.protobufclient.LoginAuthReqHandler.channelRead(LoginAuthReqHandler.java:33) ~[classes/:?]
	at io.netty.channel.AbstractChannelHandlerContext.invokeChannelRead(AbstractChannelHandlerContext.java:362) ~[netty-all-4.1.25.Final.jar:4.1.25.Final]
	at io.netty.channel.AbstractChannelHandlerContext.invokeChannelRead(AbstractChannelHandlerContext.java:348) ~[netty-all-4.1.25.Final.jar:4.1.25.Final]
	at io.netty.channel.AbstractChannelHandlerContext.fireChannelRead(AbstractChannelHandlerContext.java:340) ~[netty-all-4.1.25.Final.jar:4.1.25.Final]
	at io.netty.handler.timeout.IdleStateHandler.channelRead(IdleStateHandler.java:286) ~[netty-all-4.1.25.Final.jar:4.1.25.Final]
	at io.netty.channel.AbstractChannelHandlerContext.invokeChannelRead(AbstractChannelHandlerContext.java:362) ~[netty-all-4.1.25.Final.jar:4.1.25.Final]
	at io.netty.channel.AbstractChannelHandlerContext.invokeChannelRead(AbstractChannelHandlerContext.java:348) ~[netty-all-4.1.25.Final.jar:4.1.25.Final]
	at io.netty.channel.AbstractChannelHandlerContext.fireChannelRead(AbstractChannelHandlerContext.java:340) ~[netty-all-4.1.25.Final.jar:4.1.25.Final]
	at io.netty.handler.codec.MessageToMessageDecoder.channelRead(MessageToMessageDecoder.java:102) ~[netty-all-4.1.25.Final.jar:4.1.25.Final]
	at io.netty.channel.AbstractChannelHandlerContext.invokeChannelRead(AbstractChannelHandlerContext.java:362) ~[netty-all-4.1.25.Final.jar:4.1.25.Final]
	at io.netty.channel.AbstractChannelHandlerContext.invokeChannelRead(AbstractChannelHandlerContext.java:348) ~[netty-all-4.1.25.Final.jar:4.1.25.Final]
	at io.netty.channel.AbstractChannelHandlerContext.fireChannelRead(AbstractChannelHandlerContext.java:340) ~[netty-all-4.1.25.Final.jar:4.1.25.Final]
	at io.netty.handler.codec.ByteToMessageDecoder.fireChannelRead(ByteToMessageDecoder.java:310) ~[netty-all-4.1.25.Final.jar:4.1.25.Final]
	at io.netty.handler.codec.ByteToMessageDecoder.channelRead(ByteToMessageDecoder.java:284) ~[netty-all-4.1.25.Final.jar:4.1.25.Final]
	at io.netty.channel.AbstractChannelHandlerContext.invokeChannelRead(AbstractChannelHandlerContext.java:362) ~[netty-all-4.1.25.Final.jar:4.1.25.Final]
	at io.netty.channel.AbstractChannelHandlerContext.invokeChannelRead(AbstractChannelHandlerContext.java:348) ~[netty-all-4.1.25.Final.jar:4.1.25.Final]
	at io.netty.channel.AbstractChannelHandlerContext.fireChannelRead(AbstractChannelHandlerContext.java:340) ~[netty-all-4.1.25.Final.jar:4.1.25.Final]
	at io.netty.channel.DefaultChannelPipeline$HeadContext.channelRead(DefaultChannelPipeline.java:1434) ~[netty-all-4.1.25.Final.jar:4.1.25.Final]
	at io.netty.channel.AbstractChannelHandlerContext.invokeChannelRead(AbstractChannelHandlerContext.java:362) ~[netty-all-4.1.25.Final.jar:4.1.25.Final]
	at io.netty.channel.AbstractChannelHandlerContext.invokeChannelRead(AbstractChannelHandlerContext.java:348) ~[netty-all-4.1.25.Final.jar:4.1.25.Final]
	at io.netty.channel.DefaultChannelPipeline.fireChannelRead(DefaultChannelPipeline.java:965) ~[netty-all-4.1.25.Final.jar:4.1.25.Final]
	at io.netty.channel.nio.AbstractNioByteChannel$NioByteUnsafe.read(AbstractNioByteChannel.java:163) ~[netty-all-4.1.25.Final.jar:4.1.25.Final]
	at io.netty.channel.nio.NioEventLoop.processSelectedKey(NioEventLoop.java:647) ~[netty-all-4.1.25.Final.jar:4.1.25.Final]
	at io.netty.channel.nio.NioEventLoop.processSelectedKeysOptimized(NioEventLoop.java:582) ~[netty-all-4.1.25.Final.jar:4.1.25.Final]
	at io.netty.channel.nio.NioEventLoop.processSelectedKeys(NioEventLoop.java:499) ~[netty-all-4.1.25.Final.jar:4.1.25.Final]
	at io.netty.channel.nio.NioEventLoop.run(NioEventLoop.java:461) ~[netty-all-4.1.25.Final.jar:4.1.25.Final]
	at io.netty.util.concurrent.SingleThreadEventExecutor$5.run(SingleThreadEventExecutor.java:884) ~[netty-all-4.1.25.Final.jar:4.1.25.Final]
	at io.netty.util.concurrent.FastThreadLocalRunnable.run(FastThreadLocalRunnable.java:30) ~[netty-all-4.1.25.Final.jar:4.1.25.Final]
	at java.lang.Thread.run(Thread.java:748) [?:1.8.0_161]
2018-08-28 15:12:18.422 [nioEventLoopGroup-2-1] WARN  [io.netty.channel.DefaultChannelPipeline:151] [,] - An exceptionCaught() event was fired, and it reached at the tail of the pipeline. It usually means the last handler in the pipeline did not handle the exception.
io.netty.handler.timeout.ReadTimeoutException: null
2018-08-28 15:13:13.442 [nioEventLoopGroup-2-2] WARN  [io.netty.channel.DefaultChannelPipeline:151] [,] - An exceptionCaught() event was fired, and it reached at the tail of the pipeline. It usually means the last handler in the pipeline did not handle the exception.
io.netty.handler.timeout.ReadTimeoutException: null
2018-08-28 15:14:08.454 [nioEventLoopGroup-2-3] WARN  [io.netty.channel.DefaultChannelPipeline:151] [,] - An exceptionCaught() event was fired, and it reached at the tail of the pipeline. It usually means the last handler in the pipeline did not handle the exception.
io.netty.handler.timeout.ReadTimeoutException: null
2018-08-28 15:14:23.586 [nioEventLoopGroup-2-4] WARN  [io.netty.channel.DefaultChannelPipeline:151] [,] - An exceptionCaught() event was fired, and it reached at the tail of the pipeline. It usually means the last handler in the pipeline did not handle the exception.
io.netty.handler.timeout.ReadTimeoutException: null
